
=== Final F3/F2/F4 frontend fix verification 2026-04-27T03:48:24Z ===

$ npm run test -- --run storeHooks

> frontend@1.4.6 test
> vitest --run storeHooks


 RUN  v2.1.9 /Users/shenxt/Dev/OpenCode/MuMuAINovel/frontend

 ✓ src/__tests__/storeHooks.test.tsx (1 test) 15ms

 Test Files  1 passed (1)
      Tests  1 passed (1)
   Start at  11:48:24
   Duration  1.84s (transform 66ms, setup 0ms, collect 1.15s, tests 15ms, environment 353ms, prepare 51ms)


$ npm run test -- --run world

> frontend@1.4.6 test
> vitest --run world


 RUN  v2.1.9 /Users/shenxt/Dev/OpenCode/MuMuAINovel/frontend

stderr | src/pages/__tests__/worldSetting.test.tsx > WorldSetting result review flow > accepts a pending world-setting result after review and refreshes the active snapshot
Warning: [antd: Spin] `tip` only work in nest or fullscreen pattern.

 ✓ src/pages/__tests__/worldSetting.test.tsx (1 test) 230ms

 Test Files  1 passed (1)
      Tests  1 passed (1)
   Start at  11:48:26
   Duration  2.25s (transform 91ms, setup 0ms, collect 1.54s, tests 230ms, environment 193ms, prepare 41ms)


$ npm run test -- --run

> frontend@1.4.6 test
> vitest --run


 RUN  v2.1.9 /Users/shenxt/Dev/OpenCode/MuMuAINovel/frontend

 ✓ src/__tests__/eventBus.contract.test.ts (2 tests) 3ms
 ✓ src/__tests__/storeHooks.test.tsx (1 test) 27ms
 ✓ src/pages/__tests__/Settings.test.ts (6 tests) 5ms
 ✓ src/pages/__tests__/Inspiration.test.ts (3 tests) 5ms
 ✓ src/pages/__tests__/extractionReview.test.tsx (3 tests) 274ms
stderr | src/pages/__tests__/worldSetting.test.tsx > WorldSetting result review flow > accepts a pending world-setting result after review and refreshes the active snapshot
Warning: [antd: Spin] `tip` only work in nest or fullscreen pattern.

 ✓ src/pages/__tests__/worldSetting.test.tsx (1 test) 281ms
stderr | src/pages/__tests__/timelineReview.test.tsx > timeline review panel > shows chapter 3 current relationship projection with evidence and confidence
Error: Not implemented: window.getComputedStyle(elt, pseudoElt)
    at module.exports (/Users/shenxt/Dev/OpenCode/MuMuAINovel/frontend/node_modules/jsdom/lib/jsdom/browser/not-implemented.js:9:17)
    at window.getComputedStyle (/Users/shenxt/Dev/OpenCode/MuMuAINovel/frontend/node_modules/jsdom/lib/jsdom/browser/Window.js:895:7)
    at measureScrollbarSize (/Users/shenxt/Dev/OpenCode/MuMuAINovel/frontend/node_modules/rc-util/lib/getScrollBarSize.js:35:32)
    at getTargetScrollBarSize (/Users/shenxt/Dev/OpenCode/MuMuAINovel/frontend/node_modules/rc-util/lib/getScrollBarSize.js:83:10)
    at /Users/shenxt/Dev/OpenCode/MuMuAINovel/frontend/node_modules/rc-table/lib/Table.js:427:71
    at /Users/shenxt/Dev/OpenCode/MuMuAINovel/frontend/node_modules/rc-util/lib/hooks/useLayoutEffect.js:18:12
    at commitHookEffectListMount (/Users/shenxt/Dev/OpenCode/MuMuAINovel/frontend/node_modules/react-dom/cjs/react-dom.development.js:23189:26)
    at commitPassiveMountOnFiber (/Users/shenxt/Dev/OpenCode/MuMuAINovel/frontend/node_modules/react-dom/cjs/react-dom.development.js:24970:11)
    at commitPassiveMountEffects_complete (/Users/shenxt/Dev/OpenCode/MuMuAINovel/frontend/node_modules/react-dom/cjs/react-dom.development.js:24930:9)
    at commitPassiveMountEffects_begin (/Users/shenxt/Dev/OpenCode/MuMuAINovel/frontend/node_modules/react-dom/cjs/react-dom.development.js:24917:7) undefined

stderr | src/pages/__tests__/timelineReview.test.tsx > timeline review panel > shows chapter 6 changed current relationship and removes the older projection
Error: Not implemented: window.getComputedStyle(elt, pseudoElt)
    at module.exports (/Users/shenxt/Dev/OpenCode/MuMuAINovel/frontend/node_modules/jsdom/lib/jsdom/browser/not-implemented.js:9:17)
    at window.getComputedStyle (/Users/shenxt/Dev/OpenCode/MuMuAINovel/frontend/node_modules/jsdom/lib/jsdom/browser/Window.js:895:7)
    at measureScrollbarSize (/Users/shenxt/Dev/OpenCode/MuMuAINovel/frontend/node_modules/rc-util/lib/getScrollBarSize.js:35:32)
    at getTargetScrollBarSize (/Users/shenxt/Dev/OpenCode/MuMuAINovel/frontend/node_modules/rc-util/lib/getScrollBarSize.js:83:10)
    at /Users/shenxt/Dev/OpenCode/MuMuAINovel/frontend/node_modules/rc-table/lib/Table.js:427:71
    at /Users/shenxt/Dev/OpenCode/MuMuAINovel/frontend/node_modules/rc-util/lib/hooks/useLayoutEffect.js:18:12
    at commitHookEffectListMount (/Users/shenxt/Dev/OpenCode/MuMuAINovel/frontend/node_modules/react-dom/cjs/react-dom.development.js:23189:26)
    at commitPassiveMountOnFiber (/Users/shenxt/Dev/OpenCode/MuMuAINovel/frontend/node_modules/react-dom/cjs/react-dom.development.js:24970:11)
    at commitPassiveMountEffects_complete (/Users/shenxt/Dev/OpenCode/MuMuAINovel/frontend/node_modules/react-dom/cjs/react-dom.development.js:24930:9)
    at commitPassiveMountEffects_begin (/Users/shenxt/Dev/OpenCode/MuMuAINovel/frontend/node_modules/react-dom/cjs/react-dom.development.js:24917:7) undefined

stderr | src/pages/__tests__/timelineReview.test.tsx > timeline review panel > keeps ended chapter 10 relationship out of current projection but visible in history
Error: Not implemented: window.getComputedStyle(elt, pseudoElt)
    at module.exports (/Users/shenxt/Dev/OpenCode/MuMuAINovel/frontend/node_modules/jsdom/lib/jsdom/browser/not-implemented.js:9:17)
    at window.getComputedStyle (/Users/shenxt/Dev/OpenCode/MuMuAINovel/frontend/node_modules/jsdom/lib/jsdom/browser/Window.js:895:7)
    at measureScrollbarSize (/Users/shenxt/Dev/OpenCode/MuMuAINovel/frontend/node_modules/rc-util/lib/getScrollBarSize.js:35:32)
    at getTargetScrollBarSize (/Users/shenxt/Dev/OpenCode/MuMuAINovel/frontend/node_modules/rc-util/lib/getScrollBarSize.js:83:10)
    at /Users/shenxt/Dev/OpenCode/MuMuAINovel/frontend/node_modules/rc-table/lib/Table.js:427:71
    at /Users/shenxt/Dev/OpenCode/MuMuAINovel/frontend/node_modules/rc-util/lib/hooks/useLayoutEffect.js:18:12
    at commitHookEffectListMount (/Users/shenxt/Dev/OpenCode/MuMuAINovel/frontend/node_modules/react-dom/cjs/react-dom.development.js:23189:26)
    at commitPassiveMountOnFiber (/Users/shenxt/Dev/OpenCode/MuMuAINovel/frontend/node_modules/react-dom/cjs/react-dom.development.js:24970:11)
    at commitPassiveMountEffects_complete (/Users/shenxt/Dev/OpenCode/MuMuAINovel/frontend/node_modules/react-dom/cjs/react-dom.development.js:24930:9)
    at commitPassiveMountEffects_begin (/Users/shenxt/Dev/OpenCode/MuMuAINovel/frontend/node_modules/react-dom/cjs/react-dom.development.js:24917:7) undefined

stderr | src/pages/__tests__/timelineReview.test.tsx > timeline review panel > shows chapter 6 affiliation current projection with mapped organization names
Error: Not implemented: window.getComputedStyle(elt, pseudoElt)
    at module.exports (/Users/shenxt/Dev/OpenCode/MuMuAINovel/frontend/node_modules/jsdom/lib/jsdom/browser/not-implemented.js:9:17)
    at window.getComputedStyle (/Users/shenxt/Dev/OpenCode/MuMuAINovel/frontend/node_modules/jsdom/lib/jsdom/browser/Window.js:895:7)
    at measureScrollbarSize (/Users/shenxt/Dev/OpenCode/MuMuAINovel/frontend/node_modules/rc-util/lib/getScrollBarSize.js:35:32)
    at getTargetScrollBarSize (/Users/shenxt/Dev/OpenCode/MuMuAINovel/frontend/node_modules/rc-util/lib/getScrollBarSize.js:83:10)
    at /Users/shenxt/Dev/OpenCode/MuMuAINovel/frontend/node_modules/rc-table/lib/Table.js:427:71
    at /Users/shenxt/Dev/OpenCode/MuMuAINovel/frontend/node_modules/rc-util/lib/hooks/useLayoutEffect.js:18:12
    at commitHookEffectListMount (/Users/shenxt/Dev/OpenCode/MuMuAINovel/frontend/node_modules/react-dom/cjs/react-dom.development.js:23189:26)
    at commitPassiveMountOnFiber (/Users/shenxt/Dev/OpenCode/MuMuAINovel/frontend/node_modules/react-dom/cjs/react-dom.development.js:24970:11)
    at commitPassiveMountEffects_complete (/Users/shenxt/Dev/OpenCode/MuMuAINovel/frontend/node_modules/react-dom/cjs/react-dom.development.js:24930:9)
    at commitPassiveMountEffects_begin (/Users/shenxt/Dev/OpenCode/MuMuAINovel/frontend/node_modules/react-dom/cjs/react-dom.development.js:24917:7) undefined

stderr | src/pages/__tests__/timelineReview.test.tsx > timeline review panel > keeps ended affiliation history visible after chapter 10 projection closes it
Error: Not implemented: window.getComputedStyle(elt, pseudoElt)
    at module.exports (/Users/shenxt/Dev/OpenCode/MuMuAINovel/frontend/node_modules/jsdom/lib/jsdom/browser/not-implemented.js:9:17)
    at window.getComputedStyle (/Users/shenxt/Dev/OpenCode/MuMuAINovel/frontend/node_modules/jsdom/lib/jsdom/browser/Window.js:895:7)
    at measureScrollbarSize (/Users/shenxt/Dev/OpenCode/MuMuAINovel/frontend/node_modules/rc-util/lib/getScrollBarSize.js:35:32)
    at getTargetScrollBarSize (/Users/shenxt/Dev/OpenCode/MuMuAINovel/frontend/node_modules/rc-util/lib/getScrollBarSize.js:83:10)
    at /Users/shenxt/Dev/OpenCode/MuMuAINovel/frontend/node_modules/rc-table/lib/Table.js:427:71
    at /Users/shenxt/Dev/OpenCode/MuMuAINovel/frontend/node_modules/rc-util/lib/hooks/useLayoutEffect.js:18:12
    at commitHookEffectListMount (/Users/shenxt/Dev/OpenCode/MuMuAINovel/frontend/node_modules/react-dom/cjs/react-dom.development.js:23189:26)
    at commitPassiveMountOnFiber (/Users/shenxt/Dev/OpenCode/MuMuAINovel/frontend/node_modules/react-dom/cjs/react-dom.development.js:24970:11)
    at commitPassiveMountEffects_complete (/Users/shenxt/Dev/OpenCode/MuMuAINovel/frontend/node_modules/react-dom/cjs/react-dom.development.js:24930:9)
    at commitPassiveMountEffects_begin (/Users/shenxt/Dev/OpenCode/MuMuAINovel/frontend/node_modules/react-dom/cjs/react-dom.development.js:24917:7) undefined

stderr | src/pages/__tests__/timelineReview.test.tsx > timeline review panel > shows chapter 6 profession current projection with mapped career names
Error: Not implemented: window.getComputedStyle(elt, pseudoElt)
    at module.exports (/Users/shenxt/Dev/OpenCode/MuMuAINovel/frontend/node_modules/jsdom/lib/jsdom/browser/not-implemented.js:9:17)
    at window.getComputedStyle (/Users/shenxt/Dev/OpenCode/MuMuAINovel/frontend/node_modules/jsdom/lib/jsdom/browser/Window.js:895:7)
    at measureScrollbarSize (/Users/shenxt/Dev/OpenCode/MuMuAINovel/frontend/node_modules/rc-util/lib/getScrollBarSize.js:35:32)
    at getTargetScrollBarSize (/Users/shenxt/Dev/OpenCode/MuMuAINovel/frontend/node_modules/rc-util/lib/getScrollBarSize.js:83:10)
    at /Users/shenxt/Dev/OpenCode/MuMuAINovel/frontend/node_modules/rc-table/lib/Table.js:427:71
    at /Users/shenxt/Dev/OpenCode/MuMuAINovel/frontend/node_modules/rc-util/lib/hooks/useLayoutEffect.js:18:12
    at commitHookEffectListMount (/Users/shenxt/Dev/OpenCode/MuMuAINovel/frontend/node_modules/react-dom/cjs/react-dom.development.js:23189:26)
    at commitPassiveMountOnFiber (/Users/shenxt/Dev/OpenCode/MuMuAINovel/frontend/node_modules/react-dom/cjs/react-dom.development.js:24970:11)
    at commitPassiveMountEffects_complete (/Users/shenxt/Dev/OpenCode/MuMuAINovel/frontend/node_modules/react-dom/cjs/react-dom.development.js:24930:9)
    at commitPassiveMountEffects_begin (/Users/shenxt/Dev/OpenCode/MuMuAINovel/frontend/node_modules/react-dom/cjs/react-dom.development.js:24917:7) undefined

stderr | src/pages/__tests__/timelineReview.test.tsx > timeline review panel > keeps ended, superseded, and rolled-back profession history visible after chapter 10
Error: Not implemented: window.getComputedStyle(elt, pseudoElt)
    at module.exports (/Users/shenxt/Dev/OpenCode/MuMuAINovel/frontend/node_modules/jsdom/lib/jsdom/browser/not-implemented.js:9:17)
    at window.getComputedStyle (/Users/shenxt/Dev/OpenCode/MuMuAINovel/frontend/node_modules/jsdom/lib/jsdom/browser/Window.js:895:7)
    at measureScrollbarSize (/Users/shenxt/Dev/OpenCode/MuMuAINovel/frontend/node_modules/rc-util/lib/getScrollBarSize.js:35:32)
    at getTargetScrollBarSize (/Users/shenxt/Dev/OpenCode/MuMuAINovel/frontend/node_modules/rc-util/lib/getScrollBarSize.js:83:10)
    at /Users/shenxt/Dev/OpenCode/MuMuAINovel/frontend/node_modules/rc-table/lib/Table.js:427:71
    at /Users/shenxt/Dev/OpenCode/MuMuAINovel/frontend/node_modules/rc-util/lib/hooks/useLayoutEffect.js:18:12
    at commitHookEffectListMount (/Users/shenxt/Dev/OpenCode/MuMuAINovel/frontend/node_modules/react-dom/cjs/react-dom.development.js:23189:26)
    at commitPassiveMountOnFiber (/Users/shenxt/Dev/OpenCode/MuMuAINovel/frontend/node_modules/react-dom/cjs/react-dom.development.js:24970:11)
    at commitPassiveMountEffects_complete (/Users/shenxt/Dev/OpenCode/MuMuAINovel/frontend/node_modules/react-dom/cjs/react-dom.development.js:24930:9)
    at commitPassiveMountEffects_begin (/Users/shenxt/Dev/OpenCode/MuMuAINovel/frontend/node_modules/react-dom/cjs/react-dom.development.js:24917:7) undefined

 ✓ src/pages/__tests__/timelineReview.test.tsx (7 tests) 944ms
   ✓ timeline review panel > shows chapter 3 current relationship projection with evidence and confidence 422ms

 Test Files  7 passed (7)
      Tests  23 passed (23)
   Start at  11:48:29
   Duration  3.80s (transform 604ms, setup 0ms, collect 13.14s, tests 1.54s, environment 1.94s, prepare 431ms)


$ npm run build

> frontend@1.4.6 build
> tsc -b && vite build

vite v7.3.1 building client environment for production...
transforming...
✓ 3675 modules transformed.
rendering chunks...
computing gzip size...
../backend/static/index.html                           0.80 kB │ gzip:   0.39 kB
../backend/static/assets/index-DXNTk99V.css           28.75 kB │ gzip:   6.15 kB
../backend/static/assets/vendor-dnd-ChRVcxfc.js        0.04 kB │ gzip:   0.06 kB
../backend/static/assets/vendor-utils-CKIDsLVI.js     37.76 kB │ gzip:  15.12 kB
../backend/static/assets/vendor-diff-C8qWBtsR.js      56.07 kB │ gzip:  19.24 kB
../backend/static/assets/vendor-react-BEIWTLWi.js    163.47 kB │ gzip:  53.62 kB
../backend/static/assets/index-DyxToHr9.js           934.63 kB │ gzip: 261.50 kB
../backend/static/assets/vendor-antd-Cm1AAez1.js   1,205.63 kB │ gzip: 373.50 kB

(!) Some chunks are larger than 500 kB after minification. Consider:
- Using dynamic import() to code-split the application
- Use build.rollupOptions.output.manualChunks to improve chunking: https://rollupjs.org/configuration-options/#output-manualchunks
- Adjust chunk size limit for this warning via build.chunkSizeWarningLimit.
✓ built in 4.03s

$ npm run lint

> frontend@1.4.6 lint
> eslint .


=== storeHooks Array.at compatibility verification 2026-04-27T03:52:56Z ===

LSP diagnostics: frontend/src/__tests__/storeHooks.test.tsx -> No diagnostics found
Grep guard: .organization_type|.organization_purpose|.is_organization|provider_native|provider_payload_mappings -> No matches found

$ npm run test -- --run storeHooks

> frontend@1.4.6 test
> vitest --run storeHooks


 RUN  v2.1.9 /Users/shenxt/Dev/OpenCode/MuMuAINovel/frontend

 ✓ src/__tests__/storeHooks.test.tsx (1 test) 14ms

 Test Files  1 passed (1)
      Tests  1 passed (1)
   Start at  11:52:57
   Duration  1.72s (transform 62ms, setup 0ms, collect 1.08s, tests 14ms, environment 322ms, prepare 49ms)

