
=== final-ui startup attempt  ===
Working directory: /Users/shenxt/Dev/OpenCode/MuMuAINovel
Using temp DB: /tmp/mumu_final_ui_qa.sqlite

=== final-ui startup attempt 2026-04-27T10:41:15+0800 ===
Working directory: /Users/shenxt/Dev/OpenCode/MuMuAINovel
Using temp DB: /tmp/mumu_final_ui_qa.sqlite
Installed 33 packages in 73ms
Traceback (most recent call last):
  File "/Users/shenxt/.cache/uv/builds-v0/.tmp9mkVLZ/bin/alembic", line 10, in <module>
    sys.exit(main())
             ^^^^^^
  File "/Users/shenxt/.cache/uv/archive-v0/sEnQVHuZheOonAAhGTIQX/lib/python3.11/site-packages/alembic/config.py", line 636, in main
    CommandLine(prog=prog).main(argv=argv)
  File "/Users/shenxt/.cache/uv/archive-v0/sEnQVHuZheOonAAhGTIQX/lib/python3.11/site-packages/alembic/config.py", line 626, in main
    self.run_cmd(cfg, options)
  File "/Users/shenxt/.cache/uv/archive-v0/sEnQVHuZheOonAAhGTIQX/lib/python3.11/site-packages/alembic/config.py", line 603, in run_cmd
    fn(
  File "/Users/shenxt/.cache/uv/archive-v0/sEnQVHuZheOonAAhGTIQX/lib/python3.11/site-packages/alembic/command.py", line 406, in upgrade
    script.run_env()
  File "/Users/shenxt/.cache/uv/archive-v0/sEnQVHuZheOonAAhGTIQX/lib/python3.11/site-packages/alembic/script/base.py", line 586, in run_env
    util.load_python_file(self.dir, "env.py")
  File "/Users/shenxt/.cache/uv/archive-v0/sEnQVHuZheOonAAhGTIQX/lib/python3.11/site-packages/alembic/util/pyfiles.py", line 95, in load_python_file
    module = load_module_py(module_id, path)
             ^^^^^^^^^^^^^^^^^^^^^^^^^^^^^^^
  File "/Users/shenxt/.cache/uv/archive-v0/sEnQVHuZheOonAAhGTIQX/lib/python3.11/site-packages/alembic/util/pyfiles.py", line 113, in load_module_py
    spec.loader.exec_module(module)  # type: ignore
    ^^^^^^^^^^^^^^^^^^^^^^^^^^^^^^^
  File "<frozen importlib._bootstrap_external>", line 940, in exec_module
  File "<frozen importlib._bootstrap>", line 241, in _call_with_frames_removed
  File "/Users/shenxt/Dev/OpenCode/MuMuAINovel/backend/alembic/sqlite/env.py", line 104, in <module>
    run_migrations_online()
  File "/Users/shenxt/Dev/OpenCode/MuMuAINovel/backend/alembic/sqlite/env.py", line 97, in run_migrations_online
    asyncio.run(run_async_migrations())
  File "/opt/homebrew/Cellar/python@3.11/3.11.15/Frameworks/Python.framework/Versions/3.11/lib/python3.11/asyncio/runners.py", line 190, in run
    return runner.run(main)
           ^^^^^^^^^^^^^^^^
  File "/opt/homebrew/Cellar/python@3.11/3.11.15/Frameworks/Python.framework/Versions/3.11/lib/python3.11/asyncio/runners.py", line 118, in run
    return self._loop.run_until_complete(task)
           ^^^^^^^^^^^^^^^^^^^^^^^^^^^^^^^^^^^
  File "/opt/homebrew/Cellar/python@3.11/3.11.15/Frameworks/Python.framework/Versions/3.11/lib/python3.11/asyncio/base_events.py", line 654, in run_until_complete
    return future.result()
           ^^^^^^^^^^^^^^^
  File "/Users/shenxt/Dev/OpenCode/MuMuAINovel/backend/alembic/sqlite/env.py", line 89, in run_async_migrations
    async with connectable.connect() as connection:
  File "/Users/shenxt/.cache/uv/archive-v0/sEnQVHuZheOonAAhGTIQX/lib/python3.11/site-packages/sqlalchemy/ext/asyncio/base.py", line 125, in __aenter__
    return await self.start(is_ctxmanager=True)
           ^^^^^^^^^^^^^^^^^^^^^^^^^^^^^^^^^^^^
  File "/Users/shenxt/.cache/uv/archive-v0/sEnQVHuZheOonAAhGTIQX/lib/python3.11/site-packages/sqlalchemy/ext/asyncio/engine.py", line 270, in start
    await greenlet_spawn(self.sync_engine.connect)
          ^^^^^^^^^^^^^^^^^^^^^^^^^^^^^^^^^^^^^^^^
  File "/Users/shenxt/.cache/uv/archive-v0/sEnQVHuZheOonAAhGTIQX/lib/python3.11/site-packages/sqlalchemy/util/concurrency.py", line 64, in greenlet_spawn
    _not_implemented()
  File "/Users/shenxt/.cache/uv/archive-v0/sEnQVHuZheOonAAhGTIQX/lib/python3.11/site-packages/sqlalchemy/util/concurrency.py", line 44, in _not_implemented
    raise ValueError(
ValueError: the greenlet library is required to use this function. No module named 'greenlet'
Installed 34 packages in 42ms
INFO  [alembic.runtime.migration] Context impl SQLiteImpl.
INFO  [alembic.runtime.migration] Will assume non-transactional DDL.
INFO  [alembic.runtime.migration] Running upgrade  -> fbeb1038c728, 初始化SQLite数据库
INFO  [alembic.runtime.migration] Running upgrade fbeb1038c728 -> a1b2c3d4e5f6, 初始化SQLite预置数据
INFO  [alembic.runtime.migration] Running upgrade a1b2c3d4e5f6 -> 7899f8d4d839, 添加system_prompt字段到settings表
INFO  [alembic.runtime.migration] Running upgrade 7899f8d4d839 -> 951919659e0f, 添加伏笔管理表
INFO  [alembic.runtime.migration] Running upgrade 951919659e0f -> 927bcb55b756, 添加提示词工坊相关表结构
INFO  [alembic.runtime.migration] Running upgrade 927bcb55b756 -> 642c76fc69d4, 添加角色心理状态追踪字段
INFO  [alembic.runtime.migration] Running upgrade 642c76fc69d4 -> d887fd1a30a6, 新增角色状态字段
INFO  [alembic.runtime.migration] Running upgrade d887fd1a30a6 -> 17ce752ed7cc, 添加小说封面生成配置
INFO  [alembic.runtime.migration] Running upgrade 17ce752ed7cc -> 6ff45db05863, 新增stmp相关配置
INFO  [alembic.runtime.migration] Running upgrade 6ff45db05863 -> ab12cd34ef56, expand password hash length
INFO  [alembic.runtime.migration] Running upgrade ab12cd34ef56 -> c8d9e0f1a2b3, extraction graph and organization split
✅ SQLite: 已插入 21 条关系类型数据
✅ SQLite: 已插入 6 条全局写作风格预设
Downloading scipy (19.4MiB)
Downloading transformers (11.4MiB)
Downloading kubernetes (1.9MiB)
Downloading psycopg2-binary (2.4MiB)
Downloading grpcio (9.9MiB)
Downloading pillow (4.5MiB)
Downloading onnxruntime (16.9MiB)
Downloading scikit-learn (7.7MiB)
Downloading torch (70.2MiB)
Downloading chromadb (18.3MiB)
 Downloaded kubernetes
 Downloaded psycopg2-binary
 Downloaded pillow
 Downloaded scikit-learn
 Downloaded transformers
 Downloaded grpcio
 Downloaded onnxruntime
 Downloaded scipy
 Downloaded chromadb
 Downloaded torch
Installed 119 packages in 557ms
INFO:     app.services.memory_service - 🔧 使用降级模型目录: /Users/shenxt/Dev/OpenCode/MuMuAINovel/backend/embedding
INFO:     chromadb.telemetry.product.posthog - Anonymized telemetry enabled. See                     https://docs.trychroma.com/telemetry for more information.
INFO:     app.services.memory_service - 🔄 正在加载Embedding模型...
INFO:     app.services.memory_service - 📂 使用模型缓存目录: /Users/shenxt/Dev/OpenCode/MuMuAINovel/backend/embedding
INFO:     app.services.memory_service - 📂 当前工作目录: /Users/shenxt/Dev/OpenCode/MuMuAINovel/backend
INFO:     app.services.memory_service - 📂 模型缓存目录: /Users/shenxt/Dev/OpenCode/MuMuAINovel/backend/embedding
INFO:     app.services.memory_service - 🔧 SENTENCE_TRANSFORMERS_HOME: /Users/shenxt/Dev/OpenCode/MuMuAINovel/backend/embedding
INFO:     app.services.memory_service - 🔧 TRANSFORMERS_OFFLINE: 未设置
INFO:     app.services.memory_service - 🔧 HF_HUB_OFFLINE: 未设置
INFO:     app.services.memory_service - 📂 检查模型缓存目录: /Users/shenxt/Dev/OpenCode/MuMuAINovel/backend/embedding
INFO:     app.services.memory_service - 📁 模型目录存在，检查内容...
INFO:     app.services.memory_service - 📁 模型目录内容 (0 项): []
INFO:     app.services.memory_service - 🔍 检查预期路径: /Users/shenxt/Dev/OpenCode/MuMuAINovel/backend/embedding/models--sentence-transformers--paraphrase-multilingual-MiniLM-L12-v2
WARNING:     app.services.memory_service - ⚠️ 未找到本地模型目录
WARNING:     app.services.memory_service -    预期位置: /Users/shenxt/Dev/OpenCode/MuMuAINovel/backend/embedding/models--sentence-transformers--paraphrase-multilingual-MiniLM-L12-v2
INFO:     app.services.memory_service - 🔄 尝试加载主模型: sentence-transformers/paraphrase-multilingual-MiniLM-L12-v2
INFO:     app.services.memory_service - 🔍 检查本地模型路径: /Users/shenxt/Dev/OpenCode/MuMuAINovel/backend/embedding/models--sentence-transformers--paraphrase-multilingual-MiniLM-L12-v2
INFO:     app.services.memory_service - 🔍 路径存在检查: False
INFO:     app.services.memory_service - 📥 本地模型不完整或不存在，将联网下载...
INFO:     app.services.memory_service -    下载后将保存到: /Users/shenxt/Dev/OpenCode/MuMuAINovel/backend/embedding
INFO:     sentence_transformers.SentenceTransformer - Load pretrained SentenceTransformer: sentence-transformers/paraphrase-multilingual-MiniLM-L12-v2
INFO:     backoff - Backing off send_request(...) for 0.7s (requests.exceptions.ConnectionError: ('Connection aborted.', ConnectionResetError(54, 'Connection reset by peer')))
INFO:     backoff - Backing off send_request(...) for 0.1s (requests.exceptions.ConnectionError: ('Connection aborted.', ConnectionResetError(54, 'Connection reset by peer')))
INFO:     backoff - Backing off send_request(...) for 1.0s (requests.exceptions.ConnectionError: ('Connection aborted.', ConnectionResetError(54, 'Connection reset by peer')))
ERROR:     backoff - Giving up send_request(...) after 4 tries (requests.exceptions.ConnectionError: ('Connection aborted.', ConnectionResetError(54, 'Connection reset by peer')))
INFO:     app.services.memory_service - ✅ Embedding模型加载成功 (在线下载)
INFO:     app.services.memory_service - ✅ MemoryService初始化成功
INFO:     app.services.memory_service -   - ChromaDB目录: data/chroma_db
INFO:     app.services.memory_service -   - Embedding模型: paraphrase-multilingual-MiniLM-L12-v2
WARNING:     app.services.oauth_service - ⚠️  LINUXDO_REDIRECT_URI 未配置，使用默认值: http://localhost:8000/api/auth/callback
如需使用 OAuth 登录，请在 .env 文件中配置：
本地开发: LINUXDO_REDIRECT_URI=http://localhost:8000/api/auth/callback
Docker部署: LINUXDO_REDIRECT_URI=https://your-domain.com/api/auth/callback
app import ok
backend pid=8669
backend health: 200 {"status":"ok"}
frontend pid=8751
frontend /login: 200 http://127.0.0.1:5173/login
stopped backend pid=8669 for greenlet restart
backend restarted with greenlet pid=9093
http://localhost:8000/health failed URLError(ConnectionRefusedError(61, 'Connection refused'))
http://localhost:8000/api/auth/config failed URLError(ConnectionRefusedError(61, 'Connection refused'))
INFO:     app.services.memory_service - 🔧 使用降级模型目录: /Users/shenxt/Dev/OpenCode/MuMuAINovel/backend/embedding
INFO:     chromadb.telemetry.product.posthog - Anonymized telemetry enabled. See                     https://docs.trychroma.com/telemetry for more information.
INFO:     app.services.memory_service - 🔄 正在加载Embedding模型...
INFO:     app.services.memory_service - 📂 使用模型缓存目录: /Users/shenxt/Dev/OpenCode/MuMuAINovel/backend/embedding
INFO:     app.services.memory_service - 📂 当前工作目录: /Users/shenxt/Dev/OpenCode/MuMuAINovel/backend
INFO:     app.services.memory_service - 📂 模型缓存目录: /Users/shenxt/Dev/OpenCode/MuMuAINovel/backend/embedding
INFO:     app.services.memory_service - 🔧 SENTENCE_TRANSFORMERS_HOME: /Users/shenxt/Dev/OpenCode/MuMuAINovel/backend/embedding
INFO:     app.services.memory_service - 🔧 TRANSFORMERS_OFFLINE: 未设置
INFO:     app.services.memory_service - 🔧 HF_HUB_OFFLINE: 未设置
INFO:     app.services.memory_service - 📂 检查模型缓存目录: /Users/shenxt/Dev/OpenCode/MuMuAINovel/backend/embedding
INFO:     app.services.memory_service - 📁 模型目录存在，检查内容...
INFO:     app.services.memory_service - 📁 模型目录内容 (2 项): ['.locks', 'models--sentence-transformers--paraphrase-multilingual-MiniLM-L12-v2']
INFO:     app.services.memory_service - 🔍 检查预期路径: /Users/shenxt/Dev/OpenCode/MuMuAINovel/backend/embedding/models--sentence-transformers--paraphrase-multilingual-MiniLM-L12-v2
INFO:     app.services.memory_service - ✅ 找到本地模型目录!
INFO:     app.services.memory_service - 📁 模型快照 (1 个): ['e8f8c211226b894fcb81acc59f3b34ba3efd5f42']
INFO:     app.services.memory_service - ✅ 发现有效快照，可以使用离线模式
INFO:     app.services.memory_service - 🔄 尝试加载主模型: sentence-transformers/paraphrase-multilingual-MiniLM-L12-v2
INFO:     app.services.memory_service - 🔍 检查本地模型路径: /Users/shenxt/Dev/OpenCode/MuMuAINovel/backend/embedding/models--sentence-transformers--paraphrase-multilingual-MiniLM-L12-v2
INFO:     app.services.memory_service - 🔍 路径存在检查: True
INFO:     app.services.memory_service - ✅ 发现本地模型快照: ['e8f8c211226b894fcb81acc59f3b34ba3efd5f42']
INFO:     app.services.memory_service - ✅ 检测到完整本地模型，使用离线模式加载
INFO:     sentence_transformers.SentenceTransformer - Load pretrained SentenceTransformer: sentence-transformers/paraphrase-multilingual-MiniLM-L12-v2
INFO:     app.services.memory_service - ✅ Embedding模型加载成功 (离线模式)
INFO:     app.services.memory_service - ✅ MemoryService初始化成功
INFO:     app.services.memory_service -   - ChromaDB目录: data/chroma_db
INFO:     app.services.memory_service -   - Embedding模型: paraphrase-multilingual-MiniLM-L12-v2
INFO:     backoff - Backing off send_request(...) for 0.5s (requests.exceptions.ConnectionError: ('Connection aborted.', ConnectionResetError(54, 'Connection reset by peer')))
WARNING:     app.services.oauth_service - ⚠️  LINUXDO_REDIRECT_URI 未配置，使用默认值: http://localhost:8000/api/auth/callback
如需使用 OAuth 登录，请在 .env 文件中配置：
本地开发: LINUXDO_REDIRECT_URI=http://localhost:8000/api/auth/callback
Docker部署: LINUXDO_REDIRECT_URI=https://your-domain.com/api/auth/callback
INFO:     backoff - Backing off send_request(...) for 1.6s (requests.exceptions.ConnectionError: ('Connection aborted.', ConnectionResetError(54, 'Connection reset by peer')))
INFO:     backoff - Backing off send_request(...) for 3.5s (requests.exceptions.ConnectionError: ('Connection aborted.', ConnectionResetError(54, 'Connection reset by peer')))
ERROR:     backoff - Giving up send_request(...) after 4 tries (requests.exceptions.ConnectionError: ('Connection aborted.', ConnectionResetError(54, 'Connection reset by peer')))
app import with greenlet ok
