
## npm run test -- --run world

> frontend@1.4.6 test
> vitest --run world


 RUN  v2.1.9 /Users/shenxt/Dev/OpenCode/MuMuAINovel/frontend

 ✓ src/pages/__tests__/worldSetting.test.tsx (1 test) 222ms

 Test Files  1 passed (1)
      Tests  1 passed (1)
   Start at  03:21:30
   Duration  2.53s (transform 86ms, setup 0ms, collect 1.72s, tests 222ms, environment 307ms, prepare 49ms)


## npm run test -- --run Inspiration

> frontend@1.4.6 test
> vitest --run Inspiration


 RUN  v2.1.9 /Users/shenxt/Dev/OpenCode/MuMuAINovel/frontend

 ✓ src/pages/__tests__/Inspiration.test.ts (3 tests) 4ms

 Test Files  1 passed (1)
      Tests  3 passed (3)
   Start at  03:21:33
   Duration  1.63s (transform 89ms, setup 0ms, collect 1.21s, tests 4ms, environment 176ms, prepare 44ms)


## npm run build

> frontend@1.4.6 build
> tsc -b && vite build

vite v7.3.1 building client environment for production...
transforming...
✓ 3674 modules transformed.
rendering chunks...
computing gzip size...
../backend/static/index.html                           0.80 kB │ gzip:   0.40 kB
../backend/static/assets/index-DXNTk99V.css           28.75 kB │ gzip:   6.15 kB
../backend/static/assets/vendor-dnd-ChRVcxfc.js        0.04 kB │ gzip:   0.06 kB
../backend/static/assets/vendor-utils-CKIDsLVI.js     37.76 kB │ gzip:  15.12 kB
../backend/static/assets/vendor-diff-BEodb2gq.js      56.07 kB │ gzip:  19.24 kB
../backend/static/assets/vendor-react-BEIWTLWi.js    163.47 kB │ gzip:  53.62 kB
../backend/static/assets/index-D27lhJJ_.js           928.38 kB │ gzip: 259.48 kB
../backend/static/assets/vendor-antd-Q_hgFHVm.js   1,205.63 kB │ gzip: 373.50 kB
✓ built in 3.79s

## npm run lint

> frontend@1.4.6 lint
> eslint .

## LSP diagnostics
frontend/src/pages/Inspiration.tsx: clean
frontend/src/pages/WorldSetting.tsx: clean
frontend/src/services/api.ts: clean
frontend/src/types/index.ts: clean
frontend/src/pages/__tests__/worldSetting.test.tsx: clean
frontend/src/pages/__tests__/Inspiration.test.ts: clean

## forbidden artifact check
.sisyphus/**/goldfinger-relationship-sync.md: no files found

## git status --short after build
 M .sisyphus/notepads/novel-workflow-provider-refactor/issues.md
 M .sisyphus/notepads/novel-workflow-provider-refactor/learnings.md
 M frontend/src/pages/Inspiration.tsx
 M frontend/src/pages/WorldSetting.tsx
 M frontend/src/services/api.ts
 M frontend/src/types/index.ts
?? .sisyphus/boulder.json
?? frontend/src/pages/__tests__/Inspiration.test.ts
?? frontend/src/pages/__tests__/worldSetting.test.tsx

## Task 15 QA fix: npm run test -- --run Inspiration

> frontend@1.4.6 test
> vitest --run Inspiration


 RUN  v2.1.9 /Users/shenxt/Dev/OpenCode/MuMuAINovel/frontend

 ✓ src/pages/__tests__/Inspiration.test.ts (3 tests) 4ms

 Test Files  1 passed (1)
      Tests  3 passed (3)
   Start at  03:25:33
   Duration  2.27s (transform 95ms, setup 0ms, collect 1.70s, tests 4ms, environment 295ms, prepare 58ms)


## Task 15 QA fix: npm run test -- --run world

> frontend@1.4.6 test
> vitest --run world


 RUN  v2.1.9 /Users/shenxt/Dev/OpenCode/MuMuAINovel/frontend

 ✓ src/pages/__tests__/worldSetting.test.tsx (1 test) 211ms

 Test Files  1 passed (1)
      Tests  1 passed (1)
   Start at  03:25:36
   Duration  1.84s (transform 86ms, setup 0ms, collect 1.21s, tests 211ms, environment 179ms, prepare 46ms)


## Task 15 QA fix: npm run build

> frontend@1.4.6 build
> tsc -b && vite build

vite v7.3.1 building client environment for production...
transforming...
✓ 3674 modules transformed.
rendering chunks...
computing gzip size...
../backend/static/index.html                           0.80 kB │ gzip:   0.40 kB
../backend/static/assets/index-DXNTk99V.css           28.75 kB │ gzip:   6.15 kB
../backend/static/assets/vendor-dnd-ChRVcxfc.js        0.04 kB │ gzip:   0.06 kB
../backend/static/assets/vendor-utils-CKIDsLVI.js     37.76 kB │ gzip:  15.12 kB
../backend/static/assets/vendor-diff-BEodb2gq.js      56.07 kB │ gzip:  19.24 kB
../backend/static/assets/vendor-react-BEIWTLWi.js    163.47 kB │ gzip:  53.62 kB
../backend/static/assets/index-D27lhJJ_.js           928.38 kB │ gzip: 259.48 kB
../backend/static/assets/vendor-antd-Q_hgFHVm.js   1,205.63 kB │ gzip: 373.50 kB
✓ built in 3.81s

## Task 15 QA fix: npm run lint

> frontend@1.4.6 lint
> eslint .

## Task 15 QA fix: LSP and forbidden-marker checks
frontend/src/pages/__tests__/Inspiration.test.ts: LSP diagnostics clean
frontend/src/pages/__tests__/Inspiration.test.ts: no TODO/FIXME/HACK/@ts-ignore/as any/type: ignore/pyright/console.log matches
.sisyphus/**/goldfinger-relationship-sync.md: no files found
