
> frontend@1.4.6 test
> vitest --run extraction


 RUN  v2.1.9 /Users/shenxt/Dev/OpenCode/MuMuAINovel/frontend

 ❯ src/pages/__tests__/extractionReview.test.tsx (3 tests | 1 failed) 56ms
   × extraction candidate review UI helpers > renders evidence, confidence, source chapter, and status in the review panel 54ms
     → expected '<div class="ant-space css-dev-only-do…' to contain '证据片段'

 Test Files  1 failed (1)
      Tests  1 failed | 2 passed (3)
   Start at  02:55:39
   Duration  2.25s (transform 64ms, setup 0ms, collect 1.63s, tests 56ms, environment 289ms, prepare 53ms)


> frontend@1.4.6 build
> tsc -b && vite build

src/pages/Characters.tsx(743,9): error TS2322: Type '(projectId?: string) => Promise<Character[]>' is not assignable to type '() => void | Promise<void>'.
  Type 'Promise<Character[]>' is not assignable to type 'void | Promise<void>'.
    Type 'Promise<Character[]>' is not assignable to type 'Promise<void>'.
      Type 'Character[]' is not assignable to type 'void'.

> frontend@1.4.6 lint
> eslint .


> frontend@1.4.6 test
> vitest --run extraction


 RUN  v2.1.9 /Users/shenxt/Dev/OpenCode/MuMuAINovel/frontend

 ✓ src/pages/__tests__/extractionReview.test.tsx (3 tests) 81ms

 Test Files  1 passed (1)
      Tests  3 passed (3)
   Start at  02:57:34
   Duration  2.14s (transform 61ms, setup 0ms, collect 1.59s, tests 81ms, environment 179ms, prepare 42ms)


> frontend@1.4.6 build
> tsc -b && vite build

vite v7.3.1 building client environment for production...
transforming...
✓ 3674 modules transformed.
rendering chunks...
computing gzip size...
../backend/static/index.html                           0.80 kB │ gzip:   0.40 kB
../backend/static/assets/index-DXNTk99V.css           28.75 kB │ gzip:   6.15 kB
../backend/static/assets/vendor-dnd-ChRVcxfc.js        0.04 kB │ gzip:   0.06 kB
../backend/static/assets/vendor-utils-CKIDsLVI.js     37.76 kB │ gzip:  15.12 kB
../backend/static/assets/vendor-diff-D-QtObaL.js      56.07 kB │ gzip:  19.24 kB
../backend/static/assets/vendor-react-BEIWTLWi.js    163.47 kB │ gzip:  53.62 kB
../backend/static/assets/index-bi-B4Nba.js           920.90 kB │ gzip: 256.64 kB
../backend/static/assets/vendor-antd-BhwDRr7N.js   1,205.63 kB │ gzip: 373.50 kB
✓ built in 3.73s

> frontend@1.4.6 lint
> eslint .


> frontend@1.4.6 test
> vitest --run extraction


 RUN  v2.1.9 /Users/shenxt/Dev/OpenCode/MuMuAINovel/frontend

 ✓ src/pages/__tests__/extractionReview.test.tsx (3 tests) 82ms

 Test Files  1 passed (1)
      Tests  3 passed (3)
   Start at  02:59:08
   Duration  2.19s (transform 58ms, setup 0ms, collect 1.58s, tests 82ms, environment 282ms, prepare 48ms)


> frontend@1.4.6 build
> tsc -b && vite build

vite v7.3.1 building client environment for production...
transforming...
✓ 3674 modules transformed.
rendering chunks...
computing gzip size...
../backend/static/index.html                           0.80 kB │ gzip:   0.40 kB
../backend/static/assets/index-DXNTk99V.css           28.75 kB │ gzip:   6.15 kB
../backend/static/assets/vendor-dnd-ChRVcxfc.js        0.04 kB │ gzip:   0.06 kB
../backend/static/assets/vendor-utils-CKIDsLVI.js     37.76 kB │ gzip:  15.12 kB
../backend/static/assets/vendor-diff-D-QtObaL.js      56.07 kB │ gzip:  19.24 kB
../backend/static/assets/vendor-react-BEIWTLWi.js    163.47 kB │ gzip:  53.62 kB
../backend/static/assets/index-DdAcy6Mq.js           920.90 kB │ gzip: 256.63 kB
../backend/static/assets/vendor-antd-BhwDRr7N.js   1,205.63 kB │ gzip: 373.50 kB
✓ built in 3.77s

> frontend@1.4.6 lint
> eslint .


> frontend@1.4.6 test
> vitest --run extraction


 RUN  v2.1.9 /Users/shenxt/Dev/OpenCode/MuMuAINovel/frontend

 ❯ src/pages/__tests__/extractionReview.test.tsx (3 tests | 1 failed) 163ms
   × extraction candidate review UI helpers > clicking the visible accept button calls API wrappers and refreshes candidate and canonical data 162ms
     → expected '抽取优先工作流角色默认从章节正文自动发现，评审后再入库；手动创建/编辑仍可…' to contain '置信度 87%'

 Test Files  1 failed (1)
      Tests  1 failed | 2 passed (3)
   Start at  03:06:10
   Duration  2.35s (transform 67ms, setup 0ms, collect 1.61s, tests 163ms, environment 297ms, prepare 55ms)


> frontend@1.4.6 test
> vitest --run extraction


 RUN  v2.1.9 /Users/shenxt/Dev/OpenCode/MuMuAINovel/frontend

 ✓ src/pages/__tests__/extractionReview.test.tsx (3 tests) 170ms

 Test Files  1 passed (1)
      Tests  3 passed (3)
   Start at  03:06:51
   Duration  2.14s (transform 58ms, setup 0ms, collect 1.52s, tests 170ms, environment 195ms, prepare 42ms)


> frontend@1.4.6 build
> tsc -b && vite build

vite v7.3.1 building client environment for production...
transforming...
✓ 3674 modules transformed.
rendering chunks...
computing gzip size...
../backend/static/index.html                           0.80 kB │ gzip:   0.40 kB
../backend/static/assets/index-DXNTk99V.css           28.75 kB │ gzip:   6.15 kB
../backend/static/assets/vendor-dnd-ChRVcxfc.js        0.04 kB │ gzip:   0.06 kB
../backend/static/assets/vendor-utils-CKIDsLVI.js     37.76 kB │ gzip:  15.12 kB
../backend/static/assets/vendor-diff-D-QtObaL.js      56.07 kB │ gzip:  19.24 kB
../backend/static/assets/vendor-react-BEIWTLWi.js    163.47 kB │ gzip:  53.62 kB
../backend/static/assets/index-C8GQCp_l.js           920.98 kB │ gzip: 256.65 kB
../backend/static/assets/vendor-antd-BhwDRr7N.js   1,205.63 kB │ gzip: 373.50 kB
✓ built in 3.81s

> frontend@1.4.6 lint
> eslint .

