============================= test session starts ==============================
platform darwin -- Python 3.11.15, pytest-8.3.4, pluggy-1.6.0
rootdir: /Users/shenxt/Dev/OpenCode/MuMuAINovel/backend
plugins: anyio-4.2.0
collected 5 items / 3 deselected / 2 selected

tests/test_extraction_api.py ..                                          [100%]

=============================== warnings summary ===============================
app/config.py:24
  /Users/shenxt/Dev/OpenCode/MuMuAINovel/backend/app/config.py:24: PydanticDeprecatedSince20: Support for class-based `config` is deprecated, use ConfigDict instead. Deprecated in Pydantic V2.0 to be removed in V3.0. See Pydantic V2 Migration Guide at https://errors.pydantic.dev/2.12/migration/
    class Settings(BaseSettings):

app/schemas/foreshadow.py:104
  /Users/shenxt/Dev/OpenCode/MuMuAINovel/backend/app/schemas/foreshadow.py:104: PydanticDeprecatedSince20: Support for class-based `config` is deprecated, use ConfigDict instead. Deprecated in Pydantic V2.0 to be removed in V3.0. See Pydantic V2 Migration Guide at https://errors.pydantic.dev/2.12/migration/
    class ForeshadowResponse(ForeshadowBase):

app/schemas/prompt_workshop.py:61
  /Users/shenxt/Dev/OpenCode/MuMuAINovel/backend/app/schemas/prompt_workshop.py:61: PydanticDeprecatedSince20: Support for class-based `config` is deprecated, use ConfigDict instead. Deprecated in Pydantic V2.0 to be removed in V3.0. See Pydantic V2 Migration Guide at https://errors.pydantic.dev/2.12/migration/
    class PromptWorkshopItemResponse(BaseModel):

app/schemas/prompt_workshop.py:80
  /Users/shenxt/Dev/OpenCode/MuMuAINovel/backend/app/schemas/prompt_workshop.py:80: PydanticDeprecatedSince20: Support for class-based `config` is deprecated, use ConfigDict instead. Deprecated in Pydantic V2.0 to be removed in V3.0. See Pydantic V2 Migration Guide at https://errors.pydantic.dev/2.12/migration/
    class PromptSubmissionResponse(BaseModel):

-- Docs: https://docs.pytest.org/en/stable/how-to/capture-warnings.html
================= 2 passed, 3 deselected, 4 warnings in 0.77s ==================
