# Task 18 focused backend evidence
workdir: /Users/shenxt/Dev/OpenCode/MuMuAINovel/backend
command: uv run --python python3.11 --with pytest --with sqlalchemy --with alembic --with pydantic --with pydantic-settings --with fastapi python -m pytest tests/test_migration_parity.py tests/test_migrations.py tests/test_schema_contracts.py -q
...............                                                          [100%]
=============================== warnings summary ===============================
app/config.py:24
  /Users/shenxt/Dev/OpenCode/MuMuAINovel/backend/app/config.py:24: PydanticDeprecatedSince20: Support for class-based `config` is deprecated, use ConfigDict instead. Deprecated in Pydantic V2.0 to be removed in V3.0. See Pydantic V2 Migration Guide at https://errors.pydantic.dev/2.12/migration/
    class Settings(BaseSettings):

-- Docs: https://docs.pytest.org/en/stable/how-to/capture-warnings.html
15 passed, 1 warning in 0.52s
run_suite: read-only variable: status

# Task 18 focused backend evidence retry
workdir: /Users/shenxt/Dev/OpenCode/MuMuAINovel/backend
command: uv run --python python3.11 --with pytest --with sqlalchemy --with alembic --with pydantic --with pydantic-settings --with fastapi python -m pytest tests/test_migration_parity.py tests/test_migrations.py tests/test_schema_contracts.py -q
...............                                                          [100%]
=============================== warnings summary ===============================
app/config.py:24
  /Users/shenxt/Dev/OpenCode/MuMuAINovel/backend/app/config.py:24: PydanticDeprecatedSince20: Support for class-based `config` is deprecated, use ConfigDict instead. Deprecated in Pydantic V2.0 to be removed in V3.0. See Pydantic V2 Migration Guide at https://errors.pydantic.dev/2.12/migration/
    class Settings(BaseSettings):

-- Docs: https://docs.pytest.org/en/stable/how-to/capture-warnings.html
15 passed, 1 warning in 0.52s
exit_status: 0

# Task 18 focused backend evidence retry 2
workdir: /Users/shenxt/Dev/OpenCode/MuMuAINovel/backend
command: uv run --python python3.11 --with pytest --with sqlalchemy --with alembic --with pydantic --with pydantic-settings --with fastapi python -m pytest tests/test_migration_parity.py tests/test_migrations.py tests/test_schema_contracts.py -q
...............                                                          [100%]
=============================== warnings summary ===============================
app/config.py:24
  /Users/shenxt/Dev/OpenCode/MuMuAINovel/backend/app/config.py:24: PydanticDeprecatedSince20: Support for class-based `config` is deprecated, use ConfigDict instead. Deprecated in Pydantic V2.0 to be removed in V3.0. See Pydantic V2 Migration Guide at https://errors.pydantic.dev/2.12/migration/
    class Settings(BaseSettings):

-- Docs: https://docs.pytest.org/en/stable/how-to/capture-warnings.html
15 passed, 1 warning in 0.51s
exit_status: 0
