
# Task 18 focused backend evidence retry 2
workdir: /Users/shenxt/Dev/OpenCode/MuMuAINovel/backend
command: uv run --python python3.11 --with pytest --with sqlalchemy --with alembic --with pydantic --with pydantic-settings --with fastapi python -m pytest tests/test_world_setting_results.py tests/test_world_setting_results_api.py tests/test_entity_api_compatibility.py tests/test_entity_generation_policy.py tests/test_extraction_api.py tests/test_generation_bypass_audit.py -q
.............................                                            [100%]
=============================== warnings summary ===============================
app/config.py:24
  /Users/shenxt/Dev/OpenCode/MuMuAINovel/backend/app/config.py:24: PydanticDeprecatedSince20: Support for class-based `config` is deprecated, use ConfigDict instead. Deprecated in Pydantic V2.0 to be removed in V3.0. See Pydantic V2 Migration Guide at https://errors.pydantic.dev/2.12/migration/
    class Settings(BaseSettings):

app/schemas/foreshadow.py:104
  /Users/shenxt/Dev/OpenCode/MuMuAINovel/backend/app/schemas/foreshadow.py:104: PydanticDeprecatedSince20: Support for class-based `config` is deprecated, use ConfigDict instead. Deprecated in Pydantic V2.0 to be removed in V3.0. See Pydantic V2 Migration Guide at https://errors.pydantic.dev/2.12/migration/
    class ForeshadowResponse(ForeshadowBase):

app/schemas/prompt_workshop.py:61
  /Users/shenxt/Dev/OpenCode/MuMuAINovel/backend/app/schemas/prompt_workshop.py:61: PydanticDeprecatedSince20: Support for class-based `config` is deprecated, use ConfigDict instead. Deprecated in Pydantic V2.0 to be removed in V3.0. See Pydantic V2 Migration Guide at https://errors.pydantic.dev/2.12/migration/
    class PromptWorkshopItemResponse(BaseModel):

app/schemas/prompt_workshop.py:80
  /Users/shenxt/Dev/OpenCode/MuMuAINovel/backend/app/schemas/prompt_workshop.py:80: PydanticDeprecatedSince20: Support for class-based `config` is deprecated, use ConfigDict instead. Deprecated in Pydantic V2.0 to be removed in V3.0. See Pydantic V2 Migration Guide at https://errors.pydantic.dev/2.12/migration/
    class PromptSubmissionResponse(BaseModel):

-- Docs: https://docs.pytest.org/en/stable/how-to/capture-warnings.html
29 passed, 4 warnings in 1.97s
exit_status: 0
