============================= test session starts ==============================
platform darwin -- Python 3.11.15, pytest-8.3.4, pluggy-1.6.0
rootdir: /Users/shenxt/Dev/OpenCode/MuMuAINovel/backend
plugins: anyio-4.2.0
collected 4 items

tests/test_entity_api_compatibility.py ...                               [ 75%]
tests/test_profession_timeline_api.py .                                  [100%]

=============================== warnings summary ===============================
app/config.py:24
  /Users/shenxt/Dev/OpenCode/MuMuAINovel/backend/app/config.py:24: PydanticDeprecatedSince20: Support for class-based `config` is deprecated, use ConfigDict instead. Deprecated in Pydantic V2.0 to be removed in V3.0. See Pydantic V2 Migration Guide at https://errors.pydantic.dev/2.12/migration/
    class Settings(BaseSettings):

app/schemas/foreshadow.py:104
  /Users/shenxt/Dev/OpenCode/MuMuAINovel/backend/app/schemas/foreshadow.py:104: PydanticDeprecatedSince20: Support for class-based `config` is deprecated, use ConfigDict instead. Deprecated in Pydantic V2.0 to be removed in V3.0. See Pydantic V2 Migration Guide at https://errors.pydantic.dev/2.12/migration/
    class ForeshadowResponse(ForeshadowBase):

app/schemas/prompt_workshop.py:61
  /Users/shenxt/Dev/OpenCode/MuMuAINovel/backend/app/schemas/prompt_workshop.py:61: PydanticDeprecatedSince20: Support for class-based `config` is deprecated, use ConfigDict instead. Deprecated in Pydantic V2.0 to be removed in V3.0. See Pydantic V2 Migration Guide at https://errors.pydantic.dev/2.12/migration/
    class PromptWorkshopItemResponse(BaseModel):

app/schemas/prompt_workshop.py:80
  /Users/shenxt/Dev/OpenCode/MuMuAINovel/backend/app/schemas/prompt_workshop.py:80: PydanticDeprecatedSince20: Support for class-based `config` is deprecated, use ConfigDict instead. Deprecated in Pydantic V2.0 to be removed in V3.0. See Pydantic V2 Migration Guide at https://errors.pydantic.dev/2.12/migration/
    class PromptSubmissionResponse(BaseModel):

-- Docs: https://docs.pytest.org/en/stable/how-to/capture-warnings.html
======================== 4 passed, 4 warnings in 1.05s =========================
.F..                                                                     [100%]
=================================== FAILURES ===================================
______ test_explicit_enrichment_flags_add_metadata_without_default_shape _______

api_client = (<starlette.testclient.TestClient object at 0x10c492190>, sessionmaker(class_='Session', bind=Engine(sqlite:///:memory:), autoflush=True, expire_on_commit=False))

    def test_explicit_enrichment_flags_add_metadata_without_default_shape(api_client: tuple[TestClient, sessionmaker[Session]]) -> None:
        client, session_factory = api_client
        _seed_project(session_factory)
        char_id = client.post("/api/characters", json={"project_id": PROJECT_ID, "name": "沈砚"}).json()["id"]
        org_id = client.post("/api/characters", json={"project_id": PROJECT_ID, "name": "星图会", "is_organization": True}).json()["id"]
        career_id = client.post(
            "/api/careers",
            json={"project_id": PROJECT_ID, "name": "星术师", "type": "main", "stages": [{"level": 1, "name": "窥星"}], "max_stage": 1},
        ).json()["id"]
    
        with session_factory() as session:
            session.add_all([
                EntityAlias(project_id=PROJECT_ID, entity_type="character", entity_id=char_id, alias="沈先生", normalized_alias="沈先生", source="manual"),
                EntityAlias(project_id=PROJECT_ID, entity_type="organization", entity_id=org_id, alias="图会", normalized_alias="图会", source="manual"),
                EntityProvenance(project_id=PROJECT_ID, entity_type="character", entity_id=char_id, source_type="extraction_candidate", claim_type="character_claim", confidence=0.9),
                EntityProvenance(project_id=PROJECT_ID, entity_type="organization", entity_id=org_id, source_type="extraction_candidate", claim_type="organization_claim", confidence=0.88),
                ExtractionCandidate(id="candidate-char", run_id="run-entity-api", project_id=PROJECT_ID, user_id=USER_ID, candidate_type="character", trigger_type="manual", source_hash="hash", display_name="沈砚", normalized_name="沈砚", canonical_target_type="character", canonical_target_id=char_id, status="pending", confidence=0.9, evidence_text="沈砚", source_start_offset=0, source_end_offset=2, payload={}),
                ExtractionCandidate(id="candidate-org", run_id="run-entity-api", project_id=PROJECT_ID, user_id=USER_ID, candidate_type="organization", trigger_type="manual", source_hash="hash-org", display_name="星图会", normalized_name="星图会", canonical_target_type="organization", canonical_target_id=org_id, status="pending", confidence=0.88, evidence_text="星图会", source_start_offset=0, source_end_offset=3, payload={}),
                RelationshipTimelineEvent(project_id=PROJECT_ID, event_type="profession", event_status="active", character_id=char_id, career_id=career_id, career_stage=1),
                RelationshipTimelineEvent(project_id=PROJECT_ID, event_type="affiliation", event_status="active", organization_entity_id=org_id, character_id=char_id, position="顾问"),
            ])
            session.commit()
    
        default_payload = client.get(f"/api/characters/{char_id}").json()
        assert "aliases" not in default_payload
        assert "provenance" not in default_payload
    
        enriched = client.get(
            f"/api/characters/{char_id}",
            params={"include_aliases": True, "include_provenance": True, "include_candidate_counts": True, "include_timeline": True, "include_policy_status": True},
        ).json()
        assert enriched["aliases"][0]["alias"] == "沈先生"
        assert enriched["candidate_counts"] == {"pending": 1}
>       assert enriched["timeline_summary"]["event_type_counts"] == {"profession": 1}
E       AssertionError: assert {'affiliation...rofession': 1} == {'profession': 1}
E         
E         Omitting 1 identical items, use -vv to show
E         Left contains 1 more item:
E         {'affiliation': 1}
E         Use -v to get more diff

tests/test_entity_api_compatibility.py:318: AssertionError
---------------------------- Captured stderr setup -----------------------------
INFO:     app.main - 应用启动完成
------------------------------ Captured log setup ------------------------------
INFO     app.main:main.py:33 应用启动完成
----------------------------- Captured stderr call -----------------------------
INFO:     app.api.characters - ✅ 手动创建角色成功：沈砚 (ID: c85259c9-8569-418f-bfa3-c33abc67c3f5)
INFO:     app.api.characters - 🎉 成功手动创建角色/组织: 沈砚
INFO:     app.api.characters - ✅ 手动创建组织成功：星图会 (ID: 6922e237-8523-4c6d-a6a2-3e42c58c5e96)
INFO:     app.api.careers - ✅ 创建职业成功：星术师 (ID: f048c287-72a1-41bc-b6f7-4e046933d429, 类型: main)
------------------------------ Captured log call -------------------------------
INFO     app.api.characters:characters.py:807 ✅ 手动创建角色成功：沈砚 (ID: c85259c9-8569-418f-bfa3-c33abc67c3f5)
INFO     app.api.characters:characters.py:874 🎉 成功手动创建角色/组织: 沈砚
INFO     app.api.characters:characters.py:785 ✅ 手动创建组织成功：星图会 (ID: 6922e237-8523-4c6d-a6a2-3e42c58c5e96)
INFO     app.api.careers:careers.py:222 ✅ 创建职业成功：星术师 (ID: f048c287-72a1-41bc-b6f7-4e046933d429, 类型: main)
--------------------------- Captured stderr teardown ---------------------------
INFO:     app.services.ai_clients.base_client - ✅ HTTP 客户端池已清理
INFO:     app.database - 正在关闭所有数据库连接...
INFO:     app.database - 所有数据库连接已关闭
INFO:     app.main - 应用已关闭
---------------------------- Captured log teardown -----------------------------
INFO     app.services.ai_clients.base_client:base_client.py:154 ✅ HTTP 客户端池已清理
INFO     app.database:database.py:252 正在关闭所有数据库连接...
INFO     app.database:database.py:257 所有数据库连接已关闭
INFO     app.main:main.py:47 应用已关闭
=============================== warnings summary ===============================
app/config.py:24
  /Users/shenxt/Dev/OpenCode/MuMuAINovel/backend/app/config.py:24: PydanticDeprecatedSince20: Support for class-based `config` is deprecated, use ConfigDict instead. Deprecated in Pydantic V2.0 to be removed in V3.0. See Pydantic V2 Migration Guide at https://errors.pydantic.dev/2.12/migration/
    class Settings(BaseSettings):

app/schemas/foreshadow.py:104
  /Users/shenxt/Dev/OpenCode/MuMuAINovel/backend/app/schemas/foreshadow.py:104: PydanticDeprecatedSince20: Support for class-based `config` is deprecated, use ConfigDict instead. Deprecated in Pydantic V2.0 to be removed in V3.0. See Pydantic V2 Migration Guide at https://errors.pydantic.dev/2.12/migration/
    class ForeshadowResponse(ForeshadowBase):

app/schemas/prompt_workshop.py:61
  /Users/shenxt/Dev/OpenCode/MuMuAINovel/backend/app/schemas/prompt_workshop.py:61: PydanticDeprecatedSince20: Support for class-based `config` is deprecated, use ConfigDict instead. Deprecated in Pydantic V2.0 to be removed in V3.0. See Pydantic V2 Migration Guide at https://errors.pydantic.dev/2.12/migration/
    class PromptWorkshopItemResponse(BaseModel):

app/schemas/prompt_workshop.py:80
  /Users/shenxt/Dev/OpenCode/MuMuAINovel/backend/app/schemas/prompt_workshop.py:80: PydanticDeprecatedSince20: Support for class-based `config` is deprecated, use ConfigDict instead. Deprecated in Pydantic V2.0 to be removed in V3.0. See Pydantic V2 Migration Guide at https://errors.pydantic.dev/2.12/migration/
    class PromptSubmissionResponse(BaseModel):

-- Docs: https://docs.pytest.org/en/stable/how-to/capture-warnings.html
=========================== short test summary info ============================
FAILED tests/test_entity_api_compatibility.py::test_explicit_enrichment_flags_add_metadata_without_default_shape
1 failed, 3 passed, 4 warnings in 1.13s
....                                                                     [100%]
=============================== warnings summary ===============================
app/config.py:24
  /Users/shenxt/Dev/OpenCode/MuMuAINovel/backend/app/config.py:24: PydanticDeprecatedSince20: Support for class-based `config` is deprecated, use ConfigDict instead. Deprecated in Pydantic V2.0 to be removed in V3.0. See Pydantic V2 Migration Guide at https://errors.pydantic.dev/2.12/migration/
    class Settings(BaseSettings):

app/schemas/foreshadow.py:104
  /Users/shenxt/Dev/OpenCode/MuMuAINovel/backend/app/schemas/foreshadow.py:104: PydanticDeprecatedSince20: Support for class-based `config` is deprecated, use ConfigDict instead. Deprecated in Pydantic V2.0 to be removed in V3.0. See Pydantic V2 Migration Guide at https://errors.pydantic.dev/2.12/migration/
    class ForeshadowResponse(ForeshadowBase):

app/schemas/prompt_workshop.py:61
  /Users/shenxt/Dev/OpenCode/MuMuAINovel/backend/app/schemas/prompt_workshop.py:61: PydanticDeprecatedSince20: Support for class-based `config` is deprecated, use ConfigDict instead. Deprecated in Pydantic V2.0 to be removed in V3.0. See Pydantic V2 Migration Guide at https://errors.pydantic.dev/2.12/migration/
    class PromptWorkshopItemResponse(BaseModel):

app/schemas/prompt_workshop.py:80
  /Users/shenxt/Dev/OpenCode/MuMuAINovel/backend/app/schemas/prompt_workshop.py:80: PydanticDeprecatedSince20: Support for class-based `config` is deprecated, use ConfigDict instead. Deprecated in Pydantic V2.0 to be removed in V3.0. See Pydantic V2 Migration Guide at https://errors.pydantic.dev/2.12/migration/
    class PromptSubmissionResponse(BaseModel):

-- Docs: https://docs.pytest.org/en/stable/how-to/capture-warnings.html
4 passed, 4 warnings in 1.04s
