============================= test session starts ==============================
platform darwin -- Python 3.11.15, pytest-8.3.4, pluggy-1.6.0
rootdir: /Users/shenxt/Dev/OpenCode/MuMuAINovel/backend
plugins: anyio-4.2.0
collected 5 items

tests/test_candidate_merge.py ...                                        [ 60%]
tests/test_relationship_timeline.py ..                                   [100%]

=============================== warnings summary ===============================
app/config.py:24
  /Users/shenxt/Dev/OpenCode/MuMuAINovel/backend/app/config.py:24: PydanticDeprecatedSince20: Support for class-based `config` is deprecated, use ConfigDict instead. Deprecated in Pydantic V2.0 to be removed in V3.0. See Pydantic V2 Migration Guide at https://errors.pydantic.dev/2.12/migration/
    class Settings(BaseSettings):

-- Docs: https://docs.pytest.org/en/stable/how-to/capture-warnings.html
========================= 5 passed, 1 warning in 0.65s =========================
...............................                                          [100%]
=============================== warnings summary ===============================
app/config.py:24
  /Users/shenxt/Dev/OpenCode/MuMuAINovel/backend/app/config.py:24: PydanticDeprecatedSince20: Support for class-based `config` is deprecated, use ConfigDict instead. Deprecated in Pydantic V2.0 to be removed in V3.0. See Pydantic V2 Migration Guide at https://errors.pydantic.dev/2.12/migration/
    class Settings(BaseSettings):

-- Docs: https://docs.pytest.org/en/stable/how-to/capture-warnings.html
31 passed, 1 warning in 0.98s
