stderr | src/pages/__tests__/timelineReview.test.tsx > timeline review panel > shows chapter 3 current relationship projection with evidence and confidence
Error: Not implemented: window.getComputedStyle(elt, pseudoElt)
    at module.exports (/Users/shenxt/Dev/OpenCode/MuMuAINovel/frontend/node_modules/jsdom/lib/jsdom/browser/not-implemented.js:9:17)
    at window.getComputedStyle (/Users/shenxt/Dev/OpenCode/MuMuAINovel/frontend/node_modules/jsdom/lib/jsdom/browser/Window.js:895:7)
    at measureScrollbarSize (/Users/shenxt/Dev/OpenCode/MuMuAINovel/frontend/node_modules/rc-util/lib/getScrollBarSize.js:35:32)
    at getTargetScrollBarSize (/Users/shenxt/Dev/OpenCode/MuMuAINovel/frontend/node_modules/rc-util/lib/getScrollBarSize.js:83:10)
    at /Users/shenxt/Dev/OpenCode/MuMuAINovel/frontend/node_modules/rc-table/lib/Table.js:427:71
    at /Users/shenxt/Dev/OpenCode/MuMuAINovel/frontend/node_modules/rc-util/lib/hooks/useLayoutEffect.js:18:12
    at commitHookEffectListMount (/Users/shenxt/Dev/OpenCode/MuMuAINovel/frontend/node_modules/react-dom/cjs/react-dom.development.js:23189:26)
    at commitPassiveMountOnFiber (/Users/shenxt/Dev/OpenCode/MuMuAINovel/frontend/node_modules/react-dom/cjs/react-dom.development.js:24970:11)
    at commitPassiveMountEffects_complete (/Users/shenxt/Dev/OpenCode/MuMuAINovel/frontend/node_modules/react-dom/cjs/react-dom.development.js:24930:9)
    at commitPassiveMountEffects_begin (/Users/shenxt/Dev/OpenCode/MuMuAINovel/frontend/node_modules/react-dom/cjs/react-dom.development.js:24917:7) undefined

stderr | src/pages/__tests__/timelineReview.test.tsx > timeline review panel > shows chapter 6 changed current relationship and removes the older projection
Error: Not implemented: window.getComputedStyle(elt, pseudoElt)
    at module.exports (/Users/shenxt/Dev/OpenCode/MuMuAINovel/frontend/node_modules/jsdom/lib/jsdom/browser/not-implemented.js:9:17)
    at window.getComputedStyle (/Users/shenxt/Dev/OpenCode/MuMuAINovel/frontend/node_modules/jsdom/lib/jsdom/browser/Window.js:895:7)
    at measureScrollbarSize (/Users/shenxt/Dev/OpenCode/MuMuAINovel/frontend/node_modules/rc-util/lib/getScrollBarSize.js:35:32)
    at getTargetScrollBarSize (/Users/shenxt/Dev/OpenCode/MuMuAINovel/frontend/node_modules/rc-util/lib/getScrollBarSize.js:83:10)
    at /Users/shenxt/Dev/OpenCode/MuMuAINovel/frontend/node_modules/rc-table/lib/Table.js:427:71
    at /Users/shenxt/Dev/OpenCode/MuMuAINovel/frontend/node_modules/rc-util/lib/hooks/useLayoutEffect.js:18:12
    at commitHookEffectListMount (/Users/shenxt/Dev/OpenCode/MuMuAINovel/frontend/node_modules/react-dom/cjs/react-dom.development.js:23189:26)
    at commitPassiveMountOnFiber (/Users/shenxt/Dev/OpenCode/MuMuAINovel/frontend/node_modules/react-dom/cjs/react-dom.development.js:24970:11)
    at commitPassiveMountEffects_complete (/Users/shenxt/Dev/OpenCode/MuMuAINovel/frontend/node_modules/react-dom/cjs/react-dom.development.js:24930:9)
    at commitPassiveMountEffects_begin (/Users/shenxt/Dev/OpenCode/MuMuAINovel/frontend/node_modules/react-dom/cjs/react-dom.development.js:24917:7) undefined

stderr | src/pages/__tests__/timelineReview.test.tsx > timeline review panel > keeps ended chapter 10 relationship out of current projection but visible in history
Error: Not implemented: window.getComputedStyle(elt, pseudoElt)
    at module.exports (/Users/shenxt/Dev/OpenCode/MuMuAINovel/frontend/node_modules/jsdom/lib/jsdom/browser/not-implemented.js:9:17)
    at window.getComputedStyle (/Users/shenxt/Dev/OpenCode/MuMuAINovel/frontend/node_modules/jsdom/lib/jsdom/browser/Window.js:895:7)
    at measureScrollbarSize (/Users/shenxt/Dev/OpenCode/MuMuAINovel/frontend/node_modules/rc-util/lib/getScrollBarSize.js:35:32)
    at getTargetScrollBarSize (/Users/shenxt/Dev/OpenCode/MuMuAINovel/frontend/node_modules/rc-util/lib/getScrollBarSize.js:83:10)
    at /Users/shenxt/Dev/OpenCode/MuMuAINovel/frontend/node_modules/rc-table/lib/Table.js:427:71
    at /Users/shenxt/Dev/OpenCode/MuMuAINovel/frontend/node_modules/rc-util/lib/hooks/useLayoutEffect.js:18:12
    at commitHookEffectListMount (/Users/shenxt/Dev/OpenCode/MuMuAINovel/frontend/node_modules/react-dom/cjs/react-dom.development.js:23189:26)
    at commitPassiveMountOnFiber (/Users/shenxt/Dev/OpenCode/MuMuAINovel/frontend/node_modules/react-dom/cjs/react-dom.development.js:24970:11)
    at commitPassiveMountEffects_complete (/Users/shenxt/Dev/OpenCode/MuMuAINovel/frontend/node_modules/react-dom/cjs/react-dom.development.js:24930:9)
    at commitPassiveMountEffects_begin (/Users/shenxt/Dev/OpenCode/MuMuAINovel/frontend/node_modules/react-dom/cjs/react-dom.development.js:24917:7) undefined


(!) Some chunks are larger than 500 kB after minification. Consider:
- Using dynamic import() to code-split the application
- Use build.rollupOptions.output.manualChunks to improve chunking: https://rollupjs.org/configuration-options/#output-manualchunks
- Adjust chunk size limit for this warning via build.chunkSizeWarningLimit.
stderr | src/pages/__tests__/timelineReview.test.tsx > timeline review panel > shows chapter 3 current relationship projection with evidence and confidence
Error: Not implemented: window.getComputedStyle(elt, pseudoElt)
    at module.exports (/Users/shenxt/Dev/OpenCode/MuMuAINovel/frontend/node_modules/jsdom/lib/jsdom/browser/not-implemented.js:9:17)
    at window.getComputedStyle (/Users/shenxt/Dev/OpenCode/MuMuAINovel/frontend/node_modules/jsdom/lib/jsdom/browser/Window.js:895:7)
    at measureScrollbarSize (/Users/shenxt/Dev/OpenCode/MuMuAINovel/frontend/node_modules/rc-util/lib/getScrollBarSize.js:35:32)
    at getTargetScrollBarSize (/Users/shenxt/Dev/OpenCode/MuMuAINovel/frontend/node_modules/rc-util/lib/getScrollBarSize.js:83:10)
    at /Users/shenxt/Dev/OpenCode/MuMuAINovel/frontend/node_modules/rc-table/lib/Table.js:427:71
    at /Users/shenxt/Dev/OpenCode/MuMuAINovel/frontend/node_modules/rc-util/lib/hooks/useLayoutEffect.js:18:12
    at commitHookEffectListMount (/Users/shenxt/Dev/OpenCode/MuMuAINovel/frontend/node_modules/react-dom/cjs/react-dom.development.js:23189:26)
    at commitPassiveMountOnFiber (/Users/shenxt/Dev/OpenCode/MuMuAINovel/frontend/node_modules/react-dom/cjs/react-dom.development.js:24970:11)
    at commitPassiveMountEffects_complete (/Users/shenxt/Dev/OpenCode/MuMuAINovel/frontend/node_modules/react-dom/cjs/react-dom.development.js:24930:9)
    at commitPassiveMountEffects_begin (/Users/shenxt/Dev/OpenCode/MuMuAINovel/frontend/node_modules/react-dom/cjs/react-dom.development.js:24917:7) undefined

stderr | src/pages/__tests__/timelineReview.test.tsx > timeline review panel > shows chapter 6 changed current relationship and removes the older projection
Error: Not implemented: window.getComputedStyle(elt, pseudoElt)
    at module.exports (/Users/shenxt/Dev/OpenCode/MuMuAINovel/frontend/node_modules/jsdom/lib/jsdom/browser/not-implemented.js:9:17)
    at window.getComputedStyle (/Users/shenxt/Dev/OpenCode/MuMuAINovel/frontend/node_modules/jsdom/lib/jsdom/browser/Window.js:895:7)
    at measureScrollbarSize (/Users/shenxt/Dev/OpenCode/MuMuAINovel/frontend/node_modules/rc-util/lib/getScrollBarSize.js:35:32)
    at getTargetScrollBarSize (/Users/shenxt/Dev/OpenCode/MuMuAINovel/frontend/node_modules/rc-util/lib/getScrollBarSize.js:83:10)
    at /Users/shenxt/Dev/OpenCode/MuMuAINovel/frontend/node_modules/rc-table/lib/Table.js:427:71
    at /Users/shenxt/Dev/OpenCode/MuMuAINovel/frontend/node_modules/rc-util/lib/hooks/useLayoutEffect.js:18:12
    at commitHookEffectListMount (/Users/shenxt/Dev/OpenCode/MuMuAINovel/frontend/node_modules/react-dom/cjs/react-dom.development.js:23189:26)
    at commitPassiveMountOnFiber (/Users/shenxt/Dev/OpenCode/MuMuAINovel/frontend/node_modules/react-dom/cjs/react-dom.development.js:24970:11)
    at commitPassiveMountEffects_complete (/Users/shenxt/Dev/OpenCode/MuMuAINovel/frontend/node_modules/react-dom/cjs/react-dom.development.js:24930:9)
    at commitPassiveMountEffects_begin (/Users/shenxt/Dev/OpenCode/MuMuAINovel/frontend/node_modules/react-dom/cjs/react-dom.development.js:24917:7) undefined

stderr | src/pages/__tests__/timelineReview.test.tsx > timeline review panel > keeps ended chapter 10 relationship out of current projection but visible in history
Error: Not implemented: window.getComputedStyle(elt, pseudoElt)
    at module.exports (/Users/shenxt/Dev/OpenCode/MuMuAINovel/frontend/node_modules/jsdom/lib/jsdom/browser/not-implemented.js:9:17)
    at window.getComputedStyle (/Users/shenxt/Dev/OpenCode/MuMuAINovel/frontend/node_modules/jsdom/lib/jsdom/browser/Window.js:895:7)
    at measureScrollbarSize (/Users/shenxt/Dev/OpenCode/MuMuAINovel/frontend/node_modules/rc-util/lib/getScrollBarSize.js:35:32)
    at getTargetScrollBarSize (/Users/shenxt/Dev/OpenCode/MuMuAINovel/frontend/node_modules/rc-util/lib/getScrollBarSize.js:83:10)
    at /Users/shenxt/Dev/OpenCode/MuMuAINovel/frontend/node_modules/rc-table/lib/Table.js:427:71
    at /Users/shenxt/Dev/OpenCode/MuMuAINovel/frontend/node_modules/rc-util/lib/hooks/useLayoutEffect.js:18:12
    at commitHookEffectListMount (/Users/shenxt/Dev/OpenCode/MuMuAINovel/frontend/node_modules/react-dom/cjs/react-dom.development.js:23189:26)
    at commitPassiveMountOnFiber (/Users/shenxt/Dev/OpenCode/MuMuAINovel/frontend/node_modules/react-dom/cjs/react-dom.development.js:24970:11)
    at commitPassiveMountEffects_complete (/Users/shenxt/Dev/OpenCode/MuMuAINovel/frontend/node_modules/react-dom/cjs/react-dom.development.js:24930:9)
    at commitPassiveMountEffects_begin (/Users/shenxt/Dev/OpenCode/MuMuAINovel/frontend/node_modules/react-dom/cjs/react-dom.development.js:24917:7) undefined

stderr | src/pages/__tests__/timelineReview.test.tsx > timeline review panel > shows chapter 6 affiliation current projection with mapped organization names
Error: Not implemented: window.getComputedStyle(elt, pseudoElt)
    at module.exports (/Users/shenxt/Dev/OpenCode/MuMuAINovel/frontend/node_modules/jsdom/lib/jsdom/browser/not-implemented.js:9:17)
    at window.getComputedStyle (/Users/shenxt/Dev/OpenCode/MuMuAINovel/frontend/node_modules/jsdom/lib/jsdom/browser/Window.js:895:7)
    at measureScrollbarSize (/Users/shenxt/Dev/OpenCode/MuMuAINovel/frontend/node_modules/rc-util/lib/getScrollBarSize.js:35:32)
    at getTargetScrollBarSize (/Users/shenxt/Dev/OpenCode/MuMuAINovel/frontend/node_modules/rc-util/lib/getScrollBarSize.js:83:10)
    at /Users/shenxt/Dev/OpenCode/MuMuAINovel/frontend/node_modules/rc-table/lib/Table.js:427:71
    at /Users/shenxt/Dev/OpenCode/MuMuAINovel/frontend/node_modules/rc-util/lib/hooks/useLayoutEffect.js:18:12
    at commitHookEffectListMount (/Users/shenxt/Dev/OpenCode/MuMuAINovel/frontend/node_modules/react-dom/cjs/react-dom.development.js:23189:26)
    at commitPassiveMountOnFiber (/Users/shenxt/Dev/OpenCode/MuMuAINovel/frontend/node_modules/react-dom/cjs/react-dom.development.js:24970:11)
    at commitPassiveMountEffects_complete (/Users/shenxt/Dev/OpenCode/MuMuAINovel/frontend/node_modules/react-dom/cjs/react-dom.development.js:24930:9)
    at commitPassiveMountEffects_begin (/Users/shenxt/Dev/OpenCode/MuMuAINovel/frontend/node_modules/react-dom/cjs/react-dom.development.js:24917:7) undefined

stderr | src/pages/__tests__/timelineReview.test.tsx > timeline review panel > keeps ended affiliation history visible after chapter 10 projection closes it
Error: Not implemented: window.getComputedStyle(elt, pseudoElt)
    at module.exports (/Users/shenxt/Dev/OpenCode/MuMuAINovel/frontend/node_modules/jsdom/lib/jsdom/browser/not-implemented.js:9:17)
    at window.getComputedStyle (/Users/shenxt/Dev/OpenCode/MuMuAINovel/frontend/node_modules/jsdom/lib/jsdom/browser/Window.js:895:7)
    at measureScrollbarSize (/Users/shenxt/Dev/OpenCode/MuMuAINovel/frontend/node_modules/rc-util/lib/getScrollBarSize.js:35:32)
    at getTargetScrollBarSize (/Users/shenxt/Dev/OpenCode/MuMuAINovel/frontend/node_modules/rc-util/lib/getScrollBarSize.js:83:10)
    at /Users/shenxt/Dev/OpenCode/MuMuAINovel/frontend/node_modules/rc-table/lib/Table.js:427:71
    at /Users/shenxt/Dev/OpenCode/MuMuAINovel/frontend/node_modules/rc-util/lib/hooks/useLayoutEffect.js:18:12
    at commitHookEffectListMount (/Users/shenxt/Dev/OpenCode/MuMuAINovel/frontend/node_modules/react-dom/cjs/react-dom.development.js:23189:26)
    at commitPassiveMountOnFiber (/Users/shenxt/Dev/OpenCode/MuMuAINovel/frontend/node_modules/react-dom/cjs/react-dom.development.js:24970:11)
    at commitPassiveMountEffects_complete (/Users/shenxt/Dev/OpenCode/MuMuAINovel/frontend/node_modules/react-dom/cjs/react-dom.development.js:24930:9)
    at commitPassiveMountEffects_begin (/Users/shenxt/Dev/OpenCode/MuMuAINovel/frontend/node_modules/react-dom/cjs/react-dom.development.js:24917:7) undefined

stderr | src/pages/__tests__/timelineReview.test.tsx > timeline review panel > shows chapter 6 profession current projection with mapped career names
Error: Not implemented: window.getComputedStyle(elt, pseudoElt)
    at module.exports (/Users/shenxt/Dev/OpenCode/MuMuAINovel/frontend/node_modules/jsdom/lib/jsdom/browser/not-implemented.js:9:17)
    at window.getComputedStyle (/Users/shenxt/Dev/OpenCode/MuMuAINovel/frontend/node_modules/jsdom/lib/jsdom/browser/Window.js:895:7)
    at measureScrollbarSize (/Users/shenxt/Dev/OpenCode/MuMuAINovel/frontend/node_modules/rc-util/lib/getScrollBarSize.js:35:32)
    at getTargetScrollBarSize (/Users/shenxt/Dev/OpenCode/MuMuAINovel/frontend/node_modules/rc-util/lib/getScrollBarSize.js:83:10)
    at /Users/shenxt/Dev/OpenCode/MuMuAINovel/frontend/node_modules/rc-table/lib/Table.js:427:71
    at /Users/shenxt/Dev/OpenCode/MuMuAINovel/frontend/node_modules/rc-util/lib/hooks/useLayoutEffect.js:18:12
    at commitHookEffectListMount (/Users/shenxt/Dev/OpenCode/MuMuAINovel/frontend/node_modules/react-dom/cjs/react-dom.development.js:23189:26)
    at commitPassiveMountOnFiber (/Users/shenxt/Dev/OpenCode/MuMuAINovel/frontend/node_modules/react-dom/cjs/react-dom.development.js:24970:11)
    at commitPassiveMountEffects_complete (/Users/shenxt/Dev/OpenCode/MuMuAINovel/frontend/node_modules/react-dom/cjs/react-dom.development.js:24930:9)
    at commitPassiveMountEffects_begin (/Users/shenxt/Dev/OpenCode/MuMuAINovel/frontend/node_modules/react-dom/cjs/react-dom.development.js:24917:7) undefined

stderr | src/pages/__tests__/timelineReview.test.tsx > timeline review panel > keeps ended, superseded, and rolled-back profession history visible after chapter 10
Error: Not implemented: window.getComputedStyle(elt, pseudoElt)
    at module.exports (/Users/shenxt/Dev/OpenCode/MuMuAINovel/frontend/node_modules/jsdom/lib/jsdom/browser/not-implemented.js:9:17)
    at window.getComputedStyle (/Users/shenxt/Dev/OpenCode/MuMuAINovel/frontend/node_modules/jsdom/lib/jsdom/browser/Window.js:895:7)
    at measureScrollbarSize (/Users/shenxt/Dev/OpenCode/MuMuAINovel/frontend/node_modules/rc-util/lib/getScrollBarSize.js:35:32)
    at getTargetScrollBarSize (/Users/shenxt/Dev/OpenCode/MuMuAINovel/frontend/node_modules/rc-util/lib/getScrollBarSize.js:83:10)
    at /Users/shenxt/Dev/OpenCode/MuMuAINovel/frontend/node_modules/rc-table/lib/Table.js:427:71
    at /Users/shenxt/Dev/OpenCode/MuMuAINovel/frontend/node_modules/rc-util/lib/hooks/useLayoutEffect.js:18:12
    at commitHookEffectListMount (/Users/shenxt/Dev/OpenCode/MuMuAINovel/frontend/node_modules/react-dom/cjs/react-dom.development.js:23189:26)
    at commitPassiveMountOnFiber (/Users/shenxt/Dev/OpenCode/MuMuAINovel/frontend/node_modules/react-dom/cjs/react-dom.development.js:24970:11)
    at commitPassiveMountEffects_complete (/Users/shenxt/Dev/OpenCode/MuMuAINovel/frontend/node_modules/react-dom/cjs/react-dom.development.js:24930:9)
    at commitPassiveMountEffects_begin (/Users/shenxt/Dev/OpenCode/MuMuAINovel/frontend/node_modules/react-dom/cjs/react-dom.development.js:24917:7) undefined


(!) Some chunks are larger than 500 kB after minification. Consider:
- Using dynamic import() to code-split the application
- Use build.rollupOptions.output.manualChunks to improve chunking: https://rollupjs.org/configuration-options/#output-manualchunks
- Adjust chunk size limit for this warning via build.chunkSizeWarningLimit.
stderr | src/pages/__tests__/timelineReview.test.tsx > timeline review panel > shows chapter 3 current relationship projection with evidence and confidence
Error: Not implemented: window.getComputedStyle(elt, pseudoElt)
    at module.exports (/Users/shenxt/Dev/OpenCode/MuMuAINovel/frontend/node_modules/jsdom/lib/jsdom/browser/not-implemented.js:9:17)
    at window.getComputedStyle (/Users/shenxt/Dev/OpenCode/MuMuAINovel/frontend/node_modules/jsdom/lib/jsdom/browser/Window.js:895:7)
    at measureScrollbarSize (/Users/shenxt/Dev/OpenCode/MuMuAINovel/frontend/node_modules/rc-util/lib/getScrollBarSize.js:35:32)
    at getTargetScrollBarSize (/Users/shenxt/Dev/OpenCode/MuMuAINovel/frontend/node_modules/rc-util/lib/getScrollBarSize.js:83:10)
    at /Users/shenxt/Dev/OpenCode/MuMuAINovel/frontend/node_modules/rc-table/lib/Table.js:427:71
    at /Users/shenxt/Dev/OpenCode/MuMuAINovel/frontend/node_modules/rc-util/lib/hooks/useLayoutEffect.js:18:12
    at commitHookEffectListMount (/Users/shenxt/Dev/OpenCode/MuMuAINovel/frontend/node_modules/react-dom/cjs/react-dom.development.js:23189:26)
    at commitPassiveMountOnFiber (/Users/shenxt/Dev/OpenCode/MuMuAINovel/frontend/node_modules/react-dom/cjs/react-dom.development.js:24970:11)
    at commitPassiveMountEffects_complete (/Users/shenxt/Dev/OpenCode/MuMuAINovel/frontend/node_modules/react-dom/cjs/react-dom.development.js:24930:9)
    at commitPassiveMountEffects_begin (/Users/shenxt/Dev/OpenCode/MuMuAINovel/frontend/node_modules/react-dom/cjs/react-dom.development.js:24917:7) undefined

stderr | src/pages/__tests__/timelineReview.test.tsx > timeline review panel > shows chapter 6 changed current relationship and removes the older projection
Error: Not implemented: window.getComputedStyle(elt, pseudoElt)
    at module.exports (/Users/shenxt/Dev/OpenCode/MuMuAINovel/frontend/node_modules/jsdom/lib/jsdom/browser/not-implemented.js:9:17)
    at window.getComputedStyle (/Users/shenxt/Dev/OpenCode/MuMuAINovel/frontend/node_modules/jsdom/lib/jsdom/browser/Window.js:895:7)
    at measureScrollbarSize (/Users/shenxt/Dev/OpenCode/MuMuAINovel/frontend/node_modules/rc-util/lib/getScrollBarSize.js:35:32)
    at getTargetScrollBarSize (/Users/shenxt/Dev/OpenCode/MuMuAINovel/frontend/node_modules/rc-util/lib/getScrollBarSize.js:83:10)
    at /Users/shenxt/Dev/OpenCode/MuMuAINovel/frontend/node_modules/rc-table/lib/Table.js:427:71
    at /Users/shenxt/Dev/OpenCode/MuMuAINovel/frontend/node_modules/rc-util/lib/hooks/useLayoutEffect.js:18:12
    at commitHookEffectListMount (/Users/shenxt/Dev/OpenCode/MuMuAINovel/frontend/node_modules/react-dom/cjs/react-dom.development.js:23189:26)
    at commitPassiveMountOnFiber (/Users/shenxt/Dev/OpenCode/MuMuAINovel/frontend/node_modules/react-dom/cjs/react-dom.development.js:24970:11)
    at commitPassiveMountEffects_complete (/Users/shenxt/Dev/OpenCode/MuMuAINovel/frontend/node_modules/react-dom/cjs/react-dom.development.js:24930:9)
    at commitPassiveMountEffects_begin (/Users/shenxt/Dev/OpenCode/MuMuAINovel/frontend/node_modules/react-dom/cjs/react-dom.development.js:24917:7) undefined

stderr | src/pages/__tests__/timelineReview.test.tsx > timeline review panel > keeps ended chapter 10 relationship out of current projection but visible in history
Error: Not implemented: window.getComputedStyle(elt, pseudoElt)
    at module.exports (/Users/shenxt/Dev/OpenCode/MuMuAINovel/frontend/node_modules/jsdom/lib/jsdom/browser/not-implemented.js:9:17)
    at window.getComputedStyle (/Users/shenxt/Dev/OpenCode/MuMuAINovel/frontend/node_modules/jsdom/lib/jsdom/browser/Window.js:895:7)
    at measureScrollbarSize (/Users/shenxt/Dev/OpenCode/MuMuAINovel/frontend/node_modules/rc-util/lib/getScrollBarSize.js:35:32)
    at getTargetScrollBarSize (/Users/shenxt/Dev/OpenCode/MuMuAINovel/frontend/node_modules/rc-util/lib/getScrollBarSize.js:83:10)
    at /Users/shenxt/Dev/OpenCode/MuMuAINovel/frontend/node_modules/rc-table/lib/Table.js:427:71
    at /Users/shenxt/Dev/OpenCode/MuMuAINovel/frontend/node_modules/rc-util/lib/hooks/useLayoutEffect.js:18:12
    at commitHookEffectListMount (/Users/shenxt/Dev/OpenCode/MuMuAINovel/frontend/node_modules/react-dom/cjs/react-dom.development.js:23189:26)
    at commitPassiveMountOnFiber (/Users/shenxt/Dev/OpenCode/MuMuAINovel/frontend/node_modules/react-dom/cjs/react-dom.development.js:24970:11)
    at commitPassiveMountEffects_complete (/Users/shenxt/Dev/OpenCode/MuMuAINovel/frontend/node_modules/react-dom/cjs/react-dom.development.js:24930:9)
    at commitPassiveMountEffects_begin (/Users/shenxt/Dev/OpenCode/MuMuAINovel/frontend/node_modules/react-dom/cjs/react-dom.development.js:24917:7) undefined

stderr | src/pages/__tests__/timelineReview.test.tsx > timeline review panel > shows chapter 6 affiliation current projection with mapped organization names
Error: Not implemented: window.getComputedStyle(elt, pseudoElt)
    at module.exports (/Users/shenxt/Dev/OpenCode/MuMuAINovel/frontend/node_modules/jsdom/lib/jsdom/browser/not-implemented.js:9:17)
    at window.getComputedStyle (/Users/shenxt/Dev/OpenCode/MuMuAINovel/frontend/node_modules/jsdom/lib/jsdom/browser/Window.js:895:7)
    at measureScrollbarSize (/Users/shenxt/Dev/OpenCode/MuMuAINovel/frontend/node_modules/rc-util/lib/getScrollBarSize.js:35:32)
    at getTargetScrollBarSize (/Users/shenxt/Dev/OpenCode/MuMuAINovel/frontend/node_modules/rc-util/lib/getScrollBarSize.js:83:10)
    at /Users/shenxt/Dev/OpenCode/MuMuAINovel/frontend/node_modules/rc-table/lib/Table.js:427:71
    at /Users/shenxt/Dev/OpenCode/MuMuAINovel/frontend/node_modules/rc-util/lib/hooks/useLayoutEffect.js:18:12
    at commitHookEffectListMount (/Users/shenxt/Dev/OpenCode/MuMuAINovel/frontend/node_modules/react-dom/cjs/react-dom.development.js:23189:26)
    at commitPassiveMountOnFiber (/Users/shenxt/Dev/OpenCode/MuMuAINovel/frontend/node_modules/react-dom/cjs/react-dom.development.js:24970:11)
    at commitPassiveMountEffects_complete (/Users/shenxt/Dev/OpenCode/MuMuAINovel/frontend/node_modules/react-dom/cjs/react-dom.development.js:24930:9)
    at commitPassiveMountEffects_begin (/Users/shenxt/Dev/OpenCode/MuMuAINovel/frontend/node_modules/react-dom/cjs/react-dom.development.js:24917:7) undefined

stderr | src/pages/__tests__/timelineReview.test.tsx > timeline review panel > keeps ended affiliation history visible after chapter 10 projection closes it
Error: Not implemented: window.getComputedStyle(elt, pseudoElt)
    at module.exports (/Users/shenxt/Dev/OpenCode/MuMuAINovel/frontend/node_modules/jsdom/lib/jsdom/browser/not-implemented.js:9:17)
    at window.getComputedStyle (/Users/shenxt/Dev/OpenCode/MuMuAINovel/frontend/node_modules/jsdom/lib/jsdom/browser/Window.js:895:7)
    at measureScrollbarSize (/Users/shenxt/Dev/OpenCode/MuMuAINovel/frontend/node_modules/rc-util/lib/getScrollBarSize.js:35:32)
    at getTargetScrollBarSize (/Users/shenxt/Dev/OpenCode/MuMuAINovel/frontend/node_modules/rc-util/lib/getScrollBarSize.js:83:10)
    at /Users/shenxt/Dev/OpenCode/MuMuAINovel/frontend/node_modules/rc-table/lib/Table.js:427:71
    at /Users/shenxt/Dev/OpenCode/MuMuAINovel/frontend/node_modules/rc-util/lib/hooks/useLayoutEffect.js:18:12
    at commitHookEffectListMount (/Users/shenxt/Dev/OpenCode/MuMuAINovel/frontend/node_modules/react-dom/cjs/react-dom.development.js:23189:26)
    at commitPassiveMountOnFiber (/Users/shenxt/Dev/OpenCode/MuMuAINovel/frontend/node_modules/react-dom/cjs/react-dom.development.js:24970:11)
    at commitPassiveMountEffects_complete (/Users/shenxt/Dev/OpenCode/MuMuAINovel/frontend/node_modules/react-dom/cjs/react-dom.development.js:24930:9)
    at commitPassiveMountEffects_begin (/Users/shenxt/Dev/OpenCode/MuMuAINovel/frontend/node_modules/react-dom/cjs/react-dom.development.js:24917:7) undefined

stderr | src/pages/__tests__/timelineReview.test.tsx > timeline review panel > shows chapter 6 profession current projection with mapped career names
Error: Not implemented: window.getComputedStyle(elt, pseudoElt)
    at module.exports (/Users/shenxt/Dev/OpenCode/MuMuAINovel/frontend/node_modules/jsdom/lib/jsdom/browser/not-implemented.js:9:17)
    at window.getComputedStyle (/Users/shenxt/Dev/OpenCode/MuMuAINovel/frontend/node_modules/jsdom/lib/jsdom/browser/Window.js:895:7)
    at measureScrollbarSize (/Users/shenxt/Dev/OpenCode/MuMuAINovel/frontend/node_modules/rc-util/lib/getScrollBarSize.js:35:32)
    at getTargetScrollBarSize (/Users/shenxt/Dev/OpenCode/MuMuAINovel/frontend/node_modules/rc-util/lib/getScrollBarSize.js:83:10)
    at /Users/shenxt/Dev/OpenCode/MuMuAINovel/frontend/node_modules/rc-table/lib/Table.js:427:71
    at /Users/shenxt/Dev/OpenCode/MuMuAINovel/frontend/node_modules/rc-util/lib/hooks/useLayoutEffect.js:18:12
    at commitHookEffectListMount (/Users/shenxt/Dev/OpenCode/MuMuAINovel/frontend/node_modules/react-dom/cjs/react-dom.development.js:23189:26)
    at commitPassiveMountOnFiber (/Users/shenxt/Dev/OpenCode/MuMuAINovel/frontend/node_modules/react-dom/cjs/react-dom.development.js:24970:11)
    at commitPassiveMountEffects_complete (/Users/shenxt/Dev/OpenCode/MuMuAINovel/frontend/node_modules/react-dom/cjs/react-dom.development.js:24930:9)
    at commitPassiveMountEffects_begin (/Users/shenxt/Dev/OpenCode/MuMuAINovel/frontend/node_modules/react-dom/cjs/react-dom.development.js:24917:7) undefined

stderr | src/pages/__tests__/timelineReview.test.tsx > timeline review panel > keeps ended, superseded, and rolled-back profession history visible after chapter 10
Error: Not implemented: window.getComputedStyle(elt, pseudoElt)
    at module.exports (/Users/shenxt/Dev/OpenCode/MuMuAINovel/frontend/node_modules/jsdom/lib/jsdom/browser/not-implemented.js:9:17)
    at window.getComputedStyle (/Users/shenxt/Dev/OpenCode/MuMuAINovel/frontend/node_modules/jsdom/lib/jsdom/browser/Window.js:895:7)
    at measureScrollbarSize (/Users/shenxt/Dev/OpenCode/MuMuAINovel/frontend/node_modules/rc-util/lib/getScrollBarSize.js:35:32)
    at getTargetScrollBarSize (/Users/shenxt/Dev/OpenCode/MuMuAINovel/frontend/node_modules/rc-util/lib/getScrollBarSize.js:83:10)
    at /Users/shenxt/Dev/OpenCode/MuMuAINovel/frontend/node_modules/rc-table/lib/Table.js:427:71
    at /Users/shenxt/Dev/OpenCode/MuMuAINovel/frontend/node_modules/rc-util/lib/hooks/useLayoutEffect.js:18:12
    at commitHookEffectListMount (/Users/shenxt/Dev/OpenCode/MuMuAINovel/frontend/node_modules/react-dom/cjs/react-dom.development.js:23189:26)
    at commitPassiveMountOnFiber (/Users/shenxt/Dev/OpenCode/MuMuAINovel/frontend/node_modules/react-dom/cjs/react-dom.development.js:24970:11)
    at commitPassiveMountEffects_complete (/Users/shenxt/Dev/OpenCode/MuMuAINovel/frontend/node_modules/react-dom/cjs/react-dom.development.js:24930:9)
    at commitPassiveMountEffects_begin (/Users/shenxt/Dev/OpenCode/MuMuAINovel/frontend/node_modules/react-dom/cjs/react-dom.development.js:24917:7) undefined


(!) Some chunks are larger than 500 kB after minification. Consider:
- Using dynamic import() to code-split the application
- Use build.rollupOptions.output.manualChunks to improve chunking: https://rollupjs.org/configuration-options/#output-manualchunks
- Adjust chunk size limit for this warning via build.chunkSizeWarningLimit.
