============================= test session starts ==============================
platform darwin -- Python 3.11.15, pytest-9.0.3, pluggy-1.6.0
rootdir: /Users/shenxt/Dev/OpenCode/MuMuAINovel/backend
plugins: anyio-4.2.0
collected 1 item

tests/test_legacy_backfill.py .                                          [100%]

=============================== warnings summary ===============================
app/config.py:24
  /Users/shenxt/Dev/OpenCode/MuMuAINovel/backend/app/config.py:24: PydanticDeprecatedSince20: Support for class-based `config` is deprecated, use ConfigDict instead. Deprecated in Pydantic V2.0 to be removed in V3.0. See Pydantic V2 Migration Guide at https://errors.pydantic.dev/2.12/migration/
    class Settings(BaseSettings):

-- Docs: https://docs.pytest.org/en/stable/how-to/capture-warnings.html
========================= 1 passed, 1 warning in 3.77s =========================
...............                                                          [100%]
=============================== warnings summary ===============================
app/config.py:24
  /Users/shenxt/Dev/OpenCode/MuMuAINovel/backend/app/config.py:24: PydanticDeprecatedSince20: Support for class-based `config` is deprecated, use ConfigDict instead. Deprecated in Pydantic V2.0 to be removed in V3.0. See Pydantic V2 Migration Guide at https://errors.pydantic.dev/2.12/migration/
    class Settings(BaseSettings):

-- Docs: https://docs.pytest.org/en/stable/how-to/capture-warnings.html
15 passed, 1 warning in 1.32s
============================= test session starts ==============================
platform darwin -- Python 3.11.15, pytest-9.0.3, pluggy-1.6.0
rootdir: /Users/shenxt/Dev/OpenCode/MuMuAINovel/backend
plugins: anyio-4.2.0
collected 1 item

tests/test_legacy_backfill.py .                                          [100%]

=============================== warnings summary ===============================
app/config.py:24
  /Users/shenxt/Dev/OpenCode/MuMuAINovel/backend/app/config.py:24: PydanticDeprecatedSince20: Support for class-based `config` is deprecated, use ConfigDict instead. Deprecated in Pydantic V2.0 to be removed in V3.0. See Pydantic V2 Migration Guide at https://errors.pydantic.dev/2.12/migration/
    class Settings(BaseSettings):

-- Docs: https://docs.pytest.org/en/stable/how-to/capture-warnings.html
========================= 1 passed, 1 warning in 0.49s =========================
...............                                                          [100%]
=============================== warnings summary ===============================
app/config.py:24
  /Users/shenxt/Dev/OpenCode/MuMuAINovel/backend/app/config.py:24: PydanticDeprecatedSince20: Support for class-based `config` is deprecated, use ConfigDict instead. Deprecated in Pydantic V2.0 to be removed in V3.0. See Pydantic V2 Migration Guide at https://errors.pydantic.dev/2.12/migration/
    class Settings(BaseSettings):

-- Docs: https://docs.pytest.org/en/stable/how-to/capture-warnings.html
15 passed, 1 warning in 0.59s
============================= test session starts ==============================
platform darwin -- Python 3.11.15, pytest-9.0.3, pluggy-1.6.0
rootdir: /Users/shenxt/Dev/OpenCode/MuMuAINovel/backend
plugins: anyio-4.2.0
collected 1 item

tests/test_legacy_backfill.py .                                          [100%]

=============================== warnings summary ===============================
app/config.py:24
  /Users/shenxt/Dev/OpenCode/MuMuAINovel/backend/app/config.py:24: PydanticDeprecatedSince20: Support for class-based `config` is deprecated, use ConfigDict instead. Deprecated in Pydantic V2.0 to be removed in V3.0. See Pydantic V2 Migration Guide at https://errors.pydantic.dev/2.12/migration/
    class Settings(BaseSettings):

-- Docs: https://docs.pytest.org/en/stable/how-to/capture-warnings.html
========================= 1 passed, 1 warning in 0.44s =========================
...............                                                          [100%]
=============================== warnings summary ===============================
app/config.py:24
  /Users/shenxt/Dev/OpenCode/MuMuAINovel/backend/app/config.py:24: PydanticDeprecatedSince20: Support for class-based `config` is deprecated, use ConfigDict instead. Deprecated in Pydantic V2.0 to be removed in V3.0. See Pydantic V2 Migration Guide at https://errors.pydantic.dev/2.12/migration/
    class Settings(BaseSettings):

-- Docs: https://docs.pytest.org/en/stable/how-to/capture-warnings.html
15 passed, 1 warning in 0.54s
